{"logTime": "1110/200429", "correlationVector":"Z2SRoeU34fhNu6p5OqpVtx.2","action":"ProcessGetUpdates", "result":"Done", "context":{"dataType":"History", "deleted":"0", "process_failed_to_decrypt":"0", "process_pending_decryption":"0", "process_success":"250", "total":"250"}}
{"logTime": "1110/200429", "correlationVector":"Z2SRoeU34fhNu6p5OqpVtx.3","action":"GetUpdates Response", "result":"Success", "context":Received 250 update(s). cV=Z2SRoeU34fhNu6p5OqpVtx.0;server=akswtt10700001j;cloudType=Multitenant;environment=Prod_francecentral_prod-s01-062-eur-francecentral;migrationStage=NotStarted Some updates remain.}
{"logTime": "1110/200429", "correlationVector":"TqarYKLJxRycbdNaQ5BjIg","action":"Initial GetUpdates", "result":"", "context":Reason: NEW_CLIENT. cV=TqarYKLJxRycbdNaQ5BjIg}
{"logTime": "1110/200430", "correlationVector":"TqarYKLJxRycbdNaQ5BjIg.1","action":"SyncServerConnectionManagerRequest", "result":"SYNC_SERVER_OK", "context":{"environment":"Prod_francecentral_prod-s01-062-eur-francecentral", "migrationStage":"NotStarted", "server":"akswtt107000002"}}
{"logTime": "1110/200430", "correlationVector":"TqarYKLJxRycbdNaQ5BjIg.2","action":"ProcessGetUpdates", "result":"Done", "context":{"dataType":"History", "deleted":"0", "process_failed_to_decrypt":"0", "process_pending_decryption":"0", "process_success":"250", "total":"250"}}
{"logTime": "1110/200430", "correlationVector":"TqarYKLJxRycbdNaQ5BjIg.3","action":"GetUpdates Response", "result":"Success", "context":Received 250 update(s). cV=TqarYKLJxRycbdNaQ5BjIg.0;server=akswtt107000002;cloudType=Multitenant;environment=Prod_francecentral_prod-s01-062-eur-francecentral;migrationStage=NotStarted Some updates remain.}
{"logTime": "1110/200430", "correlationVector":"9ubZx2j9zXh5VgjLUdibUX","action":"Initial GetUpdates", "result":"", "context":Reason: NEW_CLIENT. cV=9ubZx2j9zXh5VgjLUdibUX}
{"logTime": "1110/200430", "correlationVector":"9ubZx2j9zXh5VgjLUdibUX.1","action":"SyncServerConnectionManagerRequest", "result":"SYNC_SERVER_OK", "context":{"environment":"Prod_francecentral_prod-s01-062-eur-francecentral", "migrationStage":"NotStarted", "server":"akswtt107000017"}}
{"logTime": "1110/200430", "correlationVector":"9ubZx2j9zXh5VgjLUdibUX.2","action":"ProcessGetUpdates", "result":"Done", "context":{"dataType":"History", "deleted":"0", "process_failed_to_decrypt":"0", "process_pending_decryption":"0", "process_success":"250", "total":"250"}}
{"logTime": "1110/200430", "correlationVector":"9ubZx2j9zXh5VgjLUdibUX.3","action":"GetUpdates Response", "result":"Success", "context":Received 250 update(s). cV=9ubZx2j9zXh5VgjLUdibUX.0;server=akswtt107000017;cloudType=Multitenant;environment=Prod_francecentral_prod-s01-062-eur-francecentral;migrationStage=NotStarted Some updates remain.}
{"logTime": "1110/200430", "correlationVector":"/6GDUf0IWO6VsNrLDc3R8P","action":"Initial GetUpdates", "result":"", "context":Reason: NEW_CLIENT. cV=/6GDUf0IWO6VsNrLDc3R8P}
{"logTime": "1110/200431", "correlationVector":"/6GDUf0IWO6VsNrLDc3R8P.1","action":"SyncServerConnectionManagerRequest", "result":"SYNC_SERVER_OK", "context":{"environment":"Prod_francecentral_prod-s01-062-eur-francecentral", "migrationStage":"NotStarted", "server":"akswtt10700000w"}}
{"logTime": "1110/200431", "correlationVector":"/6GDUf0IWO6VsNrLDc3R8P.2","action":"ProcessGetUpdates", "result":"Done", "context":{"dataType":"History", "deleted":"0", "process_failed_to_decrypt":"0", "process_pending_decryption":"0", "process_success":"250", "total":"250"}}
{"logTime": "1110/200431", "correlationVector":"/6GDUf0IWO6VsNrLDc3R8P.3","action":"GetUpdates Response", "result":"Success", "context":Received 250 update(s). cV=/6GDUf0IWO6VsNrLDc3R8P.0;server=akswtt10700000w;cloudType=Multitenant;environment=Prod_francecentral_prod-s01-062-eur-francecentral;migrationStage=NotStarted Some updates remain.}
{"logTime": "1110/200431", "correlationVector":"Fxx3cFHzgkqjBtwzaZh4oF","action":"Initial GetUpdates", "result":"", "context":Reason: NEW_CLIENT. cV=Fxx3cFHzgkqjBtwzaZh4oF}
{"logTime": "1110/200432", "correlationVector":"Fxx3cFHzgkqjBtwzaZh4oF.1","action":"SyncServerConnectionManagerRequest", "result":"SYNC_SERVER_OK", "context":{"environment":"Prod_francecentral_prod-s01-062-eur-francecentral", "migrationStage":"NotStarted", "server":"akswtt10700000w"}}
{"logTime": "1110/200432", "correlationVector":"Fxx3cFHzgkqjBtwzaZh4oF.2","action":"ProcessGetUpdates", "result":"Done", "context":{"dataType":"History", "deleted":"0", "process_failed_to_decrypt":"0", "process_pending_decryption":"0", "process_success":"250", "total":"250"}}
{"logTime": "1110/200432", "correlationVector":"Fxx3cFHzgkqjBtwzaZh4oF.3","action":"GetUpdates Response", "result":"Success", "context":Received 250 update(s). cV=Fxx3cFHzgkqjBtwzaZh4oF.0;server=akswtt10700000w;cloudType=Multitenant;environment=Prod_francecentral_prod-s01-062-eur-francecentral;migrationStage=NotStarted Some updates remain.}
{"logTime": "1110/200432", "correlationVector":"1+Aa7BM0MqgiUeGxPjUNPt","action":"Initial GetUpdates", "result":"", "context":Reason: NEW_CLIENT. cV=1+Aa7BM0MqgiUeGxPjUNPt}
{"logTime": "1110/200432", "correlationVector":"1+Aa7BM0MqgiUeGxPjUNPt.1","action":"SyncServerConnectionManagerRequest", "result":"SYNC_SERVER_OK", "context":{"environment":"Prod_francecentral_prod-s01-062-eur-francecentral", "migrationStage":"NotStarted", "server":"akswtt10700001j"}}
{"logTime": "1110/200432", "correlationVector":"1+Aa7BM0MqgiUeGxPjUNPt.2","action":"ProcessGetUpdates", "result":"Done", "context":{"dataType":"History", "deleted":"0", "process_failed_to_decrypt":"0", "process_pending_decryption":"0", "process_success":"250", "total":"250"}}
{"logTime": "1110/200432", "correlationVector":"1+Aa7BM0MqgiUeGxPjUNPt.3","action":"GetUpdates Response", "result":"Success", "context":Received 250 update(s). cV=1+Aa7BM0MqgiUeGxPjUNPt.0;server=akswtt10700001j;cloudType=Multitenant;environment=Prod_francecentral_prod-s01-062-eur-francecentral;migrationStage=NotStarted Some updates remain.}
{"logTime": "1110/200432", "correlationVector":"r1888cTnONNacCzVlilaAQ","action":"Initial GetUpdates", "result":"", "context":Reason: NEW_CLIENT. cV=r1888cTnONNacCzVlilaAQ}
{"logTime": "1110/200433", "correlationVector":"r1888cTnONNacCzVlilaAQ.1","action":"SyncServerConnectionManagerRequest", "result":"SYNC_SERVER_OK", "context":{"environment":"Prod_francecentral_prod-s01-062-eur-francecentral", "migrationStage":"NotStarted", "server":"akswtt10700000w"}}
{"logTime": "1110/200433", "correlationVector":"r1888cTnONNacCzVlilaAQ.2","action":"ProcessGetUpdates", "result":"Done", "context":{"dataType":"History", "deleted":"0", "process_failed_to_decrypt":"0", "process_pending_decryption":"0", "process_success":"250", "total":"250"}}
{"logTime": "1110/200433", "correlationVector":"r1888cTnONNacCzVlilaAQ.3","action":"GetUpdates Response", "result":"Success", "context":Received 250 update(s). cV=r1888cTnONNacCzVlilaAQ.0;server=akswtt10700000w;cloudType=Multitenant;environment=Prod_francecentral_prod-s01-062-eur-francecentral;migrationStage=NotStarted Some updates remain.}
{"logTime": "1110/200433", "correlationVector":"ui2Vp9RVAALI9lMPMkLtT0","action":"Initial GetUpdates", "result":"", "context":Reason: NEW_CLIENT. cV=ui2Vp9RVAALI9lMPMkLtT0}
{"logTime": "1110/200433", "correlationVector":"ui2Vp9RVAALI9lMPMkLtT0.1","action":"SyncServerConnectionManagerRequest", "result":"SYNC_SERVER_OK", "context":{"environment":"Prod_francecentral_prod-s01-062-eur-francecentral", "migrationStage":"NotStarted", "server":"akswtt107000015"}}
{"logTime": "1110/200433", "correlationVector":"ui2Vp9RVAALI9lMPMkLtT0.2","action":"ProcessGetUpdates", "result":"Done", "context":{"dataType":"History", "deleted":"0", "process_failed_to_decrypt":"0", "process_pending_decryption":"0", "process_success":"250", "total":"250"}}
{"logTime": "1110/200433", "correlationVector":"ui2Vp9RVAALI9lMPMkLtT0.3","action":"GetUpdates Response", "result":"Success", "context":Received 250 update(s). cV=ui2Vp9RVAALI9lMPMkLtT0.0;server=akswtt107000015;cloudType=Multitenant;environment=Prod_francecentral_prod-s01-062-eur-francecentral;migrationStage=NotStarted Some updates remain.}
{"logTime": "1110/200433", "correlationVector":"fRittZLRphCw+/4MrcAiWn","action":"Initial GetUpdates", "result":"", "context":Reason: NEW_CLIENT. cV=fRittZLRphCw+/4MrcAiWn}
{"logTime": "1110/200434", "correlationVector":"fRittZLRphCw+/4MrcAiWn.1","action":"SyncServerConnectionManagerRequest", "result":"SYNC_SERVER_OK", "context":{"environment":"Prod_francecentral_prod-s01-062-eur-francecentral", "migrationStage":"NotStarted", "server":"akswtt10700000w"}}
{"logTime": "1110/200434", "correlationVector":"fRittZLRphCw+/4MrcAiWn.2","action":"ProcessGetUpdates", "result":"Done", "context":{"dataType":"History", "deleted":"0", "process_failed_to_decrypt":"0", "process_pending_decryption":"0", "process_success":"250", "total":"250"}}
{"logTime": "1110/200434", "correlationVector":"fRittZLRphCw+/4MrcAiWn.3","action":"GetUpdates Response", "result":"Success", "context":Received 250 update(s). cV=fRittZLRphCw+/4MrcAiWn.0;server=akswtt10700000w;cloudType=Multitenant;environment=Prod_francecentral_prod-s01-062-eur-francecentral;migrationStage=NotStarted Some updates remain.}
{"logTime": "1110/200434", "correlationVector":"x0mqC5R39aGD26qSyFreph","action":"Initial GetUpdates", "result":"", "context":Reason: NEW_CLIENT. cV=x0mqC5R39aGD26qSyFreph}
{"logTime": "1110/200434", "correlationVector":"x0mqC5R39aGD26qSyFreph.1","action":"SyncServerConnectionManagerRequest", "result":"SYNC_SERVER_OK", "context":{"environment":"Prod_francecentral_prod-s01-062-eur-francecentral", "migrationStage":"NotStarted", "server":"akswtt10700001p"}}
{"logTime": "1110/200434", "correlationVector":"x0mqC5R39aGD26qSyFreph.2","action":"ProcessGetUpdates", "result":"Done", "context":{"dataType":"History", "deleted":"0", "process_failed_to_decrypt":"0", "process_pending_decryption":"0", "process_success":"250", "total":"250"}}
{"logTime": "1110/200434", "correlationVector":"x0mqC5R39aGD26qSyFreph.3","action":"GetUpdates Response", "result":"Success", "context":Received 250 update(s). cV=x0mqC5R39aGD26qSyFreph.0;server=akswtt10700001p;cloudType=Multitenant;environment=Prod_francecentral_prod-s01-062-eur-francecentral;migrationStage=NotStarted Some updates remain.}
{"logTime": "1110/200434", "correlationVector":"MLfdYikXYsygAMjaFRMy8i","action":"Initial GetUpdates", "result":"", "context":Reason: NEW_CLIENT. cV=MLfdYikXYsygAMjaFRMy8i}
{"logTime": "1110/200434", "correlationVector":"MLfdYikXYsygAMjaFRMy8i.1","action":"SyncServerConnectionManagerRequest", "result":"SYNC_SERVER_OK", "context":{"environment":"Prod_francecentral_prod-s01-062-eur-francecentral", "migrationStage":"NotStarted", "server":"akswtt10700000w"}}
{"logTime": "1110/200434", "correlationVector":"MLfdYikXYsygAMjaFRMy8i.2","action":"ProcessGetUpdates", "result":"Done", "context":{"dataType":"History", "deleted":"0", "process_failed_to_decrypt":"0", "process_pending_decryption":"0", "process_success":"250", "total":"250"}}
{"logTime": "1110/200434", "correlationVector":"MLfdYikXYsygAMjaFRMy8i.3","action":"GetUpdates Response", "result":"Success", "context":Received 250 update(s). cV=MLfdYikXYsygAMjaFRMy8i.0;server=akswtt10700000w;cloudType=Multitenant;environment=Prod_francecentral_prod-s01-062-eur-francecentral;migrationStage=NotStarted Some updates remain.}
{"logTime": "1110/200434", "correlationVector":"1Is63x94/P2q7pZybOLPUm","action":"Initial GetUpdates", "result":"", "context":Reason: NEW_CLIENT. cV=1Is63x94/P2q7pZybOLPUm}
{"logTime": "1110/200435", "correlationVector":"1Is63x94/P2q7pZybOLPUm.1","action":"SyncServerConnectionManagerRequest", "result":"SYNC_SERVER_OK", "context":{"environment":"Prod_francecentral_prod-s01-062-eur-francecentral", "migrationStage":"NotStarted", "server":"akswtt10700001j"}}
{"logTime": "1110/200435", "correlationVector":"1Is63x94/P2q7pZybOLPUm.2","action":"ProcessGetUpdates", "result":"Done", "context":{"dataType":"History", "deleted":"0", "process_failed_to_decrypt":"0", "process_pending_decryption":"0", "process_success":"250", "total":"250"}}
{"logTime": "1110/200435", "correlationVector":"1Is63x94/P2q7pZybOLPUm.3","action":"GetUpdates Response", "result":"Success", "context":Received 250 update(s). cV=1Is63x94/P2q7pZybOLPUm.0;server=akswtt10700001j;cloudType=Multitenant;environment=Prod_francecentral_prod-s01-062-eur-francecentral;migrationStage=NotStarted Some updates remain.}
{"logTime": "1110/200435", "correlationVector":"bAPEwCvU4x2qZIzzH568kW","action":"Initial GetUpdates", "result":"", "context":Reason: NEW_CLIENT. cV=bAPEwCvU4x2qZIzzH568kW}
{"logTime": "1110/200435", "correlationVector":"bAPEwCvU4x2qZIzzH568kW.1","action":"SyncServerConnectionManagerRequest", "result":"SYNC_SERVER_OK", "context":{"environment":"Prod_francecentral_prod-s01-062-eur-francecentral", "migrationStage":"NotStarted", "server":"akswtt107000000"}}
{"logTime": "1110/200435", "correlationVector":"bAPEwCvU4x2qZIzzH568kW.2","action":"ProcessGetUpdates", "result":"Done", "context":{"dataType":"History", "deleted":"0", "process_failed_to_decrypt":"0", "process_pending_decryption":"0", "process_success":"250", "total":"250"}}
{"logTime": "1110/200435", "correlationVector":"bAPEwCvU4x2qZIzzH568kW.3","action":"GetUpdates Response", "result":"Success", "context":Received 250 update(s). cV=bAPEwCvU4x2qZIzzH568kW.0;server=akswtt107000000;cloudType=Multitenant;environment=Prod_francecentral_prod-s01-062-eur-francecentral;migrationStage=NotStarted Some updates remain.}
{"logTime": "1110/200435", "correlationVector":"9i8xfSNxQEmvLCYCS9jILr","action":"Initial GetUpdates", "result":"", "context":Reason: NEW_CLIENT. cV=9i8xfSNxQEmvLCYCS9jILr}
{"logTime": "1110/200436", "correlationVector":"9i8xfSNxQEmvLCYCS9jILr.1","action":"SyncServerConnectionManagerRequest", "result":"SYNC_SERVER_OK", "context":{"environment":"Prod_francecentral_prod-s01-062-eur-francecentral", "migrationStage":"NotStarted", "server":"akswtt10700000w"}}
{"logTime": "1110/200436", "correlationVector":"9i8xfSNxQEmvLCYCS9jILr.2","action":"ProcessGetUpdates", "result":"Done", "context":{"dataType":"History", "deleted":"0", "process_failed_to_decrypt":"0", "process_pending_decryption":"0", "process_success":"250", "total":"250"}}
{"logTime": "1110/200436", "correlationVector":"9i8xfSNxQEmvLCYCS9jILr.3","action":"GetUpdates Response", "result":"Success", "context":Received 250 update(s). cV=9i8xfSNxQEmvLCYCS9jILr.0;server=akswtt10700000w;cloudType=Multitenant;environment=Prod_francecentral_prod-s01-062-eur-francecentral;migrationStage=NotStarted Some updates remain.}
{"logTime": "1110/200436", "correlationVector":"I3Qf08uVvASVmoIL9YBy9v","action":"Initial GetUpdates", "result":"", "context":Reason: NEW_CLIENT. cV=I3Qf08uVvASVmoIL9YBy9v}
{"logTime": "1110/200436", "correlationVector":"I3Qf08uVvASVmoIL9YBy9v.1","action":"SyncServerConnectionManagerRequest", "result":"SYNC_SERVER_OK", "context":{"environment":"Prod_francecentral_prod-s01-062-eur-francecentral", "migrationStage":"NotStarted", "server":"akswtt10700001h"}}
{"logTime": "1110/200436", "correlationVector":"I3Qf08uVvASVmoIL9YBy9v.2","action":"ProcessGetUpdates", "result":"Done", "context":{"dataType":"History", "deleted":"0", "process_failed_to_decrypt":"0", "process_pending_decryption":"0", "process_success":"250", "total":"250"}}
{"logTime": "1110/200436", "correlationVector":"I3Qf08uVvASVmoIL9YBy9v.3","action":"GetUpdates Response", "result":"Success", "context":Received 250 update(s). cV=I3Qf08uVvASVmoIL9YBy9v.0;server=akswtt10700001h;cloudType=Multitenant;environment=Prod_francecentral_prod-s01-062-eur-francecentral;migrationStage=NotStarted Some updates remain.}
{"logTime": "1110/200436", "correlationVector":"SBUWX5P4Hd4Z8PKiCGuKgI","action":"Initial GetUpdates", "result":"", "context":Reason: NEW_CLIENT. cV=SBUWX5P4Hd4Z8PKiCGuKgI}
{"logTime": "1110/200437", "correlationVector":"SBUWX5P4Hd4Z8PKiCGuKgI.1","action":"SyncServerConnectionManagerRequest", "result":"SYNC_SERVER_OK", "context":{"environment":"Prod_francecentral_prod-s01-062-eur-francecentral", "migrationStage":"NotStarted", "server":"akswtt107000011"}}
{"logTime": "1110/200437", "correlationVector":"SBUWX5P4Hd4Z8PKiCGuKgI.2","action":"ProcessGetUpdates", "result":"Done", "context":{"dataType":"History", "deleted":"0", "process_failed_to_decrypt":"0", "process_pending_decryption":"0", "process_success":"250", "total":"250"}}
{"logTime": "1110/200437", "correlationVector":"SBUWX5P4Hd4Z8PKiCGuKgI.3","action":"GetUpdates Response", "result":"Success", "context":Received 250 update(s). cV=SBUWX5P4Hd4Z8PKiCGuKgI.0;server=akswtt107000011;cloudType=Multitenant;environment=Prod_francecentral_prod-s01-062-eur-francecentral;migrationStage=NotStarted Some updates remain.}
{"logTime": "1110/200437", "correlationVector":"eXUJ/6s1986LXBM8lHw/Mh","action":"Initial GetUpdates", "result":"", "context":Reason: NEW_CLIENT. cV=eXUJ/6s1986LXBM8lHw/Mh}
{"logTime": "1110/200437", "correlationVector":"eXUJ/6s1986LXBM8lHw/Mh.1","action":"SyncServerConnectionManagerRequest", "result":"SYNC_SERVER_OK", "context":{"environment":"Prod_francecentral_prod-s01-062-eur-francecentral", "migrationStage":"NotStarted", "server":"akswtt10700001h"}}
{"logTime": "1110/200437", "correlationVector":"eXUJ/6s1986LXBM8lHw/Mh.2","action":"ProcessGetUpdates", "result":"Done", "context":{"dataType":"History", "deleted":"0", "process_failed_to_decrypt":"0", "process_pending_decryption":"0", "process_success":"250", "total":"250"}}
{"logTime": "1110/200437", "correlationVector":"eXUJ/6s1986LXBM8lHw/Mh.3","action":"GetUpdates Response", "result":"Success", "context":Received 250 update(s). cV=eXUJ/6s1986LXBM8lHw/Mh.0;server=akswtt10700001h;cloudType=Multitenant;environment=Prod_francecentral_prod-s01-062-eur-francecentral;migrationStage=NotStarted Some updates remain.}
{"logTime": "1110/200437", "correlationVector":"Vy7dImsGDJ7hxt+NpBeD65","action":"Initial GetUpdates", "result":"", "context":Reason: NEW_CLIENT. cV=Vy7dImsGDJ7hxt+NpBeD65}
{"logTime": "1110/200438", "correlationVector":"Vy7dImsGDJ7hxt+NpBeD65.1","action":"SyncServerConnectionManagerRequest", "result":"SYNC_SERVER_OK", "context":{"environment":"Prod_francecentral_prod-s01-062-eur-francecentral", "migrationStage":"NotStarted", "server":"akswtt107000017"}}
{"logTime": "1110/200438", "correlationVector":"Vy7dImsGDJ7hxt+NpBeD65.2","action":"ProcessGetUpdates", "result":"Done", "context":{"dataType":"History", "deleted":"0", "process_failed_to_decrypt":"0", "process_pending_decryption":"0", "process_success":"250", "total":"250"}}
{"logTime": "1110/200438", "correlationVector":"Vy7dImsGDJ7hxt+NpBeD65.3","action":"GetUpdates Response", "result":"Success", "context":Received 250 update(s). cV=Vy7dImsGDJ7hxt+NpBeD65.0;server=akswtt107000017;cloudType=Multitenant;environment=Prod_francecentral_prod-s01-062-eur-francecentral;migrationStage=NotStarted Some updates remain.}
{"logTime": "1110/200438", "correlationVector":"lhOdZ3fyT4Speo+pc1lNiH","action":"Initial GetUpdates", "result":"", "context":Reason: NEW_CLIENT. cV=lhOdZ3fyT4Speo+pc1lNiH}
{"logTime": "1110/200439", "correlationVector":"lhOdZ3fyT4Speo+pc1lNiH.1","action":"SyncServerConnectionManagerRequest", "result":"SYNC_SERVER_OK", "context":{"environment":"Prod_francecentral_prod-s01-062-eur-francecentral", "migrationStage":"NotStarted", "server":"akswtt107000011"}}
{"logTime": "1110/200439", "correlationVector":"lhOdZ3fyT4Speo+pc1lNiH.2","action":"ProcessGetUpdates", "result":"Done", "context":{"dataType":"History", "deleted":"0", "process_failed_to_decrypt":"0", "process_pending_decryption":"0", "process_success":"250", "total":"250"}}
{"logTime": "1110/200439", "correlationVector":"lhOdZ3fyT4Speo+pc1lNiH.3","action":"GetUpdates Response", "result":"Success", "context":Received 250 update(s). cV=lhOdZ3fyT4Speo+pc1lNiH.0;server=akswtt107000011;cloudType=Multitenant;environment=Prod_francecentral_prod-s01-062-eur-francecentral;migrationStage=NotStarted Some updates remain.}
{"logTime": "1110/200439", "correlationVector":"05l7zrp60xTf6UEhkL0NjJ","action":"Initial GetUpdates", "result":"", "context":Reason: NEW_CLIENT. cV=05l7zrp60xTf6UEhkL0NjJ}
{"logTime": "1110/200440", "correlationVector":"05l7zrp60xTf6UEhkL0NjJ.1","action":"SyncServerConnectionManagerRequest", "result":"SYNC_SERVER_OK", "context":{"environment":"Prod_francecentral_prod-s01-062-eur-francecentral", "migrationStage":"NotStarted", "server":"akswtt107000000"}}
{"logTime": "1110/200440", "correlationVector":"05l7zrp60xTf6UEhkL0NjJ.2","action":"ProcessGetUpdates", "result":"Done", "context":{"dataType":"History", "deleted":"0", "process_failed_to_decrypt":"0", "process_pending_decryption":"0", "process_success":"250", "total":"250"}}
{"logTime": "1110/200440", "correlationVector":"05l7zrp60xTf6UEhkL0NjJ.3","action":"GetUpdates Response", "result":"Success", "context":Received 250 update(s). cV=05l7zrp60xTf6UEhkL0NjJ.0;server=akswtt107000000;cloudType=Multitenant;environment=Prod_francecentral_prod-s01-062-eur-francecentral;migrationStage=NotStarted Some updates remain.}
{"logTime": "1110/200440", "correlationVector":"kDiXZlRHOW/72KqsVesJlK","action":"Initial GetUpdates", "result":"", "context":Reason: NEW_CLIENT. cV=kDiXZlRHOW/72KqsVesJlK}
{"logTime": "1110/200441", "correlationVector":"kDiXZlRHOW/72KqsVesJlK.1","action":"SyncServerConnectionManagerRequest", "result":"SYNC_SERVER_OK", "context":{"environment":"Prod_francecentral_prod-s01-062-eur-francecentral", "migrationStage":"NotStarted", "server":"akswtt107000017"}}
{"logTime": "1110/200441", "correlationVector":"kDiXZlRHOW/72KqsVesJlK.2","action":"ProcessGetUpdates", "result":"Done", "context":{"dataType":"History", "deleted":"0", "process_failed_to_decrypt":"0", "process_pending_decryption":"0", "process_success":"250", "total":"250"}}
{"logTime": "1110/200441", "correlationVector":"kDiXZlRHOW/72KqsVesJlK.3","action":"GetUpdates Response", "result":"Success", "context":Received 250 update(s). cV=kDiXZlRHOW/72KqsVesJlK.0;server=akswtt107000017;cloudType=Multitenant;environment=Prod_francecentral_prod-s01-062-eur-francecentral;migrationStage=NotStarted Some updates remain.}
{"logTime": "1110/200441", "correlationVector":"FQZb7X9fF3qZCDhbgummeB","action":"Initial GetUpdates", "result":"", "context":Reason: NEW_CLIENT. cV=FQZb7X9fF3qZCDhbgummeB}
{"logTime": "1110/200441", "correlationVector":"FQZb7X9fF3qZCDhbgummeB.1","action":"SyncServerConnectionManagerRequest", "result":"SYNC_SERVER_OK", "context":{"environment":"Prod_francecentral_prod-s01-062-eur-francecentral", "migrationStage":"NotStarted", "server":"akswtt10700000w"}}
{"logTime": "1110/200441", "correlationVector":"FQZb7X9fF3qZCDhbgummeB.2","action":"ProcessGetUpdates", "result":"Done", "context":{"dataType":"History", "deleted":"0", "process_failed_to_decrypt":"0", "process_pending_decryption":"0", "process_success":"250", "total":"250"}}
{"logTime": "1110/200441", "correlationVector":"FQZb7X9fF3qZCDhbgummeB.3","action":"GetUpdates Response", "result":"Success", "context":Received 250 update(s). cV=FQZb7X9fF3qZCDhbgummeB.0;server=akswtt10700000w;cloudType=Multitenant;environment=Prod_francecentral_prod-s01-062-eur-francecentral;migrationStage=NotStarted Some updates remain.}
{"logTime": "1110/200441", "correlationVector":"yA1Pv/rKC0VxbmT1OV5R+t","action":"Initial GetUpdates", "result":"", "context":Reason: NEW_CLIENT. cV=yA1Pv/rKC0VxbmT1OV5R+t}
{"logTime": "1110/200442", "correlationVector":"yA1Pv/rKC0VxbmT1OV5R+t.1","action":"SyncServerConnectionManagerRequest", "result":"SYNC_SERVER_OK", "context":{"environment":"Prod_francecentral_prod-s01-062-eur-francecentral", "migrationStage":"NotStarted", "server":"akswtt10700001h"}}
{"logTime": "1110/200442", "correlationVector":"yA1Pv/rKC0VxbmT1OV5R+t.2","action":"ProcessGetUpdates", "result":"Done", "context":{"dataType":"History", "deleted":"0", "process_failed_to_decrypt":"0", "process_pending_decryption":"0", "process_success":"250", "total":"250"}}
{"logTime": "1110/200442", "correlationVector":"yA1Pv/rKC0VxbmT1OV5R+t.3","action":"GetUpdates Response", "result":"Success", "context":Received 250 update(s). cV=yA1Pv/rKC0VxbmT1OV5R+t.0;server=akswtt10700001h;cloudType=Multitenant;environment=Prod_francecentral_prod-s01-062-eur-francecentral;migrationStage=NotStarted Some updates remain.}
{"logTime": "1110/200442", "correlationVector":"fasCgKpZyoi2wCQft9mAeP","action":"Initial GetUpdates", "result":"", "context":Reason: NEW_CLIENT. cV=fasCgKpZyoi2wCQft9mAeP}
{"logTime": "1110/200443", "correlationVector":"fasCgKpZyoi2wCQft9mAeP.1","action":"SyncServerConnectionManagerRequest", "result":"SYNC_SERVER_OK", "context":{"environment":"Prod_francecentral_prod-s01-062-eur-francecentral", "migrationStage":"NotStarted", "server":"akswtt107000011"}}
{"logTime": "1110/200443", "correlationVector":"fasCgKpZyoi2wCQft9mAeP.2","action":"ProcessGetUpdates", "result":"Done", "context":{"dataType":"History", "deleted":"0", "process_failed_to_decrypt":"0", "process_pending_decryption":"0", "process_success":"250", "total":"250"}}
{"logTime": "1110/200443", "correlationVector":"fasCgKpZyoi2wCQft9mAeP.3","action":"GetUpdates Response", "result":"Success", "context":Received 250 update(s). cV=fasCgKpZyoi2wCQft9mAeP.0;server=akswtt107000011;cloudType=Multitenant;environment=Prod_francecentral_prod-s01-062-eur-francecentral;migrationStage=NotStarted Some updates remain.}
{"logTime": "1110/200443", "correlationVector":"RumBZem5iZ6kmTnCxM1cRO","action":"Initial GetUpdates", "result":"", "context":Reason: NEW_CLIENT. cV=RumBZem5iZ6kmTnCxM1cRO}
{"logTime": "1110/200443", "correlationVector":"RumBZem5iZ6kmTnCxM1cRO.1","action":"SyncServerConnectionManagerRequest", "result":"SYNC_SERVER_OK", "context":{"environment":"Prod_francecentral_prod-s01-062-eur-francecentral", "migrationStage":"NotStarted", "server":"akswtt10700000t"}}
{"logTime": "1110/200443", "correlationVector":"RumBZem5iZ6kmTnCxM1cRO.2","action":"ProcessGetUpdates", "result":"Done", "context":{"dataType":"History", "deleted":"0", "process_failed_to_decrypt":"0", "process_pending_decryption":"0", "process_success":"250", "total":"250"}}
{"logTime": "1110/200443", "correlationVector":"RumBZem5iZ6kmTnCxM1cRO.3","action":"GetUpdates Response", "result":"Success", "context":Received 250 update(s). cV=RumBZem5iZ6kmTnCxM1cRO.0;server=akswtt10700000t;cloudType=Multitenant;environment=Prod_francecentral_prod-s01-062-eur-francecentral;migrationStage=NotStarted Some updates remain.}
{"logTime": "1110/200443", "correlationVector":"jvcVDe1StewvRGRemHKqWn","action":"Initial GetUpdates", "result":"", "context":Reason: NEW_CLIENT. cV=jvcVDe1StewvRGRemHKqWn}
{"logTime": "1110/200444", "correlationVector":"jvcVDe1StewvRGRemHKqWn.1","action":"SyncServerConnectionManagerRequest", "result":"SYNC_SERVER_OK", "context":{"environment":"Prod_francecentral_prod-s01-062-eur-francecentral", "migrationStage":"NotStarted", "server":"akswtt10700001h"}}
{"logTime": "1110/200444", "correlationVector":"jvcVDe1StewvRGRemHKqWn.2","action":"ProcessGetUpdates", "result":"Done", "context":{"dataType":"History", "deleted":"0", "process_failed_to_decrypt":"0", "process_pending_decryption":"0", "process_success":"250", "total":"250"}}
{"logTime": "1110/200444", "correlationVector":"jvcVDe1StewvRGRemHKqWn.3","action":"GetUpdates Response", "result":"Success", "context":Received 250 update(s). cV=jvcVDe1StewvRGRemHKqWn.0;server=akswtt10700001h;cloudType=Multitenant;environment=Prod_francecentral_prod-s01-062-eur-francecentral;migrationStage=NotStarted Some updates remain.}
{"logTime": "1110/200444", "correlationVector":"7SnccdGSSOjcCmzT8wPskE","action":"Initial GetUpdates", "result":"", "context":Reason: NEW_CLIENT. cV=7SnccdGSSOjcCmzT8wPskE}
{"logTime": "1110/200444", "correlationVector":"7SnccdGSSOjcCmzT8wPskE.1","action":"SyncServerConnectionManagerRequest", "result":"SYNC_SERVER_OK", "context":{"environment":"Prod_francecentral_prod-s01-062-eur-francecentral", "migrationStage":"NotStarted", "server":"akswtt107000000"}}
{"logTime": "1110/200444", "correlationVector":"7SnccdGSSOjcCmzT8wPskE.2","action":"ProcessGetUpdates", "result":"Done", "context":{"dataType":"History", "deleted":"0", "process_failed_to_decrypt":"0", "process_pending_decryption":"0", "process_success":"250", "total":"250"}}
{"logTime": "1110/200444", "correlationVector":"7SnccdGSSOjcCmzT8wPskE.3","action":"GetUpdates Response", "result":"Success", "context":Received 250 update(s). cV=7SnccdGSSOjcCmzT8wPskE.0;server=akswtt107000000;cloudType=Multitenant;environment=Prod_francecentral_prod-s01-062-eur-francecentral;migrationStage=NotStarted Some updates remain.}
{"logTime": "1110/200444", "correlationVector":"4F/hq0hOPUCtIgoDoeLiLm","action":"Initial GetUpdates", "result":"", "context":Reason: NEW_CLIENT. cV=4F/hq0hOPUCtIgoDoeLiLm}
{"logTime": "1110/200445", "correlationVector":"4F/hq0hOPUCtIgoDoeLiLm.1","action":"SyncServerConnectionManagerRequest", "result":"SYNC_SERVER_OK", "context":{"environment":"Prod_francecentral_prod-s01-062-eur-francecentral", "migrationStage":"NotStarted", "server":"akswtt10700000w"}}
{"logTime": "1110/200445", "correlationVector":"4F/hq0hOPUCtIgoDoeLiLm.2","action":"ProcessGetUpdates", "result":"Done", "context":{"dataType":"History", "deleted":"0", "process_failed_to_decrypt":"0", "process_pending_decryption":"0", "process_success":"250", "total":"250"}}
{"logTime": "1110/200445", "correlationVector":"4F/hq0hOPUCtIgoDoeLiLm.3","action":"GetUpdates Response", "result":"Success", "context":Received 250 update(s). cV=4F/hq0hOPUCtIgoDoeLiLm.0;server=akswtt10700000w;cloudType=Multitenant;environment=Prod_francecentral_prod-s01-062-eur-francecentral;migrationStage=NotStarted Some updates remain.}
{"logTime": "1110/200445", "correlationVector":"AQPjqtgo/mq6CFJGVSXXGh","action":"Initial GetUpdates", "result":"", "context":Reason: NEW_CLIENT. cV=AQPjqtgo/mq6CFJGVSXXGh}
{"logTime": "1110/200445", "correlationVector":"AQPjqtgo/mq6CFJGVSXXGh.1","action":"SyncServerConnectionManagerRequest", "result":"SYNC_SERVER_OK", "context":{"environment":"Prod_francecentral_prod-s01-062-eur-francecentral", "migrationStage":"NotStarted", "server":"akswtt10700001j"}}
{"logTime": "1110/200445", "correlationVector":"AQPjqtgo/mq6CFJGVSXXGh.2","action":"ProcessGetUpdates", "result":"Done", "context":{"dataType":"History", "deleted":"0", "process_failed_to_decrypt":"0", "process_pending_decryption":"0", "process_success":"250", "total":"250"}}
{"logTime": "1110/200445", "correlationVector":"AQPjqtgo/mq6CFJGVSXXGh.3","action":"GetUpdates Response", "result":"Success", "context":Received 250 update(s). cV=AQPjqtgo/mq6CFJGVSXXGh.0;server=akswtt10700001j;cloudType=Multitenant;environment=Prod_francecentral_prod-s01-062-eur-francecentral;migrationStage=NotStarted Some updates remain.}
{"logTime": "1110/200445", "correlationVector":"cK9W3naKidOHAsUrG/63Sk","action":"Initial GetUpdates", "result":"", "context":Reason: NEW_CLIENT. cV=cK9W3naKidOHAsUrG/63Sk}
{"logTime": "1110/200446", "correlationVector":"cK9W3naKidOHAsUrG/63Sk.1","action":"SyncServerConnectionManagerRequest", "result":"SYNC_SERVER_OK", "context":{"environment":"Prod_francecentral_prod-s01-062-eur-francecentral", "migrationStage":"NotStarted", "server":"akswtt107000017"}}
{"logTime": "1110/200446", "correlationVector":"cK9W3naKidOHAsUrG/63Sk.2","action":"ProcessGetUpdates", "result":"Done", "context":{"dataType":"History", "deleted":"0", "process_failed_to_decrypt":"0", "process_pending_decryption":"0", "process_success":"250", "total":"250"}}
{"logTime": "1110/200446", "correlationVector":"cK9W3naKidOHAsUrG/63Sk.3","action":"GetUpdates Response", "result":"Success", "context":Received 250 update(s). cV=cK9W3naKidOHAsUrG/63Sk.0;server=akswtt107000017;cloudType=Multitenant;environment=Prod_francecentral_prod-s01-062-eur-francecentral;migrationStage=NotStarted Some updates remain.}
{"logTime": "1110/200446", "correlationVector":"GLHbKCmfsyTjUnx+ohQ94K","action":"Initial GetUpdates", "result":"", "context":Reason: NEW_CLIENT. cV=GLHbKCmfsyTjUnx+ohQ94K}
{"logTime": "1110/200446", "correlationVector":"GLHbKCmfsyTjUnx+ohQ94K.1","action":"SyncServerConnectionManagerRequest", "result":"SYNC_SERVER_OK", "context":{"environment":"Prod_francecentral_prod-s01-062-eur-francecentral", "migrationStage":"NotStarted", "server":"akswtt10700000t"}}
{"logTime": "1110/200446", "correlationVector":"GLHbKCmfsyTjUnx+ohQ94K.2","action":"ProcessGetUpdates", "result":"Done", "context":{"dataType":"History", "deleted":"0", "process_failed_to_decrypt":"0", "process_pending_decryption":"0", "process_success":"250", "total":"250"}}
{"logTime": "1110/200446", "correlationVector":"GLHbKCmfsyTjUnx+ohQ94K.3","action":"GetUpdates Response", "result":"Success", "context":Received 250 update(s). cV=GLHbKCmfsyTjUnx+ohQ94K.0;server=akswtt10700000t;cloudType=Multitenant;environment=Prod_francecentral_prod-s01-062-eur-francecentral;migrationStage=NotStarted Some updates remain.}
{"logTime": "1110/200446", "correlationVector":"Fw1wb6KXxAZav8gOexH6ul","action":"Initial GetUpdates", "result":"", "context":Reason: NEW_CLIENT. cV=Fw1wb6KXxAZav8gOexH6ul}
{"logTime": "1110/200447", "correlationVector":"Fw1wb6KXxAZav8gOexH6ul.1","action":"SyncServerConnectionManagerRequest", "result":"SYNC_SERVER_OK", "context":{"environment":"Prod_francecentral_prod-s01-062-eur-francecentral", "migrationStage":"NotStarted", "server":"akswtt107000017"}}
{"logTime": "1110/200447", "correlationVector":"Fw1wb6KXxAZav8gOexH6ul.2","action":"ProcessGetUpdates", "result":"Done", "context":{"dataType":"History", "deleted":"0", "process_failed_to_decrypt":"0", "process_pending_decryption":"0", "process_success":"250", "total":"250"}}
{"logTime": "1110/200447", "correlationVector":"Fw1wb6KXxAZav8gOexH6ul.3","action":"GetUpdates Response", "result":"Success", "context":Received 250 update(s). cV=Fw1wb6KXxAZav8gOexH6ul.0;server=akswtt107000017;cloudType=Multitenant;environment=Prod_francecentral_prod-s01-062-eur-francecentral;migrationStage=NotStarted Some updates remain.}
{"logTime": "1110/200447", "correlationVector":"v72K5IaBoMuIcDCrGMwhko","action":"Initial GetUpdates", "result":"", "context":Reason: NEW_CLIENT. cV=v72K5IaBoMuIcDCrGMwhko}
{"logTime": "1110/200448", "correlationVector":"v72K5IaBoMuIcDCrGMwhko.1","action":"SyncServerConnectionManagerRequest", "result":"SYNC_SERVER_OK", "context":{"environment":"Prod_francecentral_prod-s01-062-eur-francecentral", "migrationStage":"NotStarted", "server":"akswtt10700001j"}}
{"logTime": "1110/200448", "correlationVector":"v72K5IaBoMuIcDCrGMwhko.2","action":"ProcessGetUpdates", "result":"Done", "context":{"dataType":"History", "deleted":"0", "process_failed_to_decrypt":"0", "process_pending_decryption":"0", "process_success":"250", "total":"250"}}
{"logTime": "1110/200448", "correlationVector":"v72K5IaBoMuIcDCrGMwhko.3","action":"GetUpdates Response", "result":"Success", "context":Received 250 update(s). cV=v72K5IaBoMuIcDCrGMwhko.0;server=akswtt10700001j;cloudType=Multitenant;environment=Prod_francecentral_prod-s01-062-eur-francecentral;migrationStage=NotStarted Some updates remain.}
{"logTime": "1110/200448", "correlationVector":"Nz4rlv8JVU+IdgZTvxz/sW","action":"Initial GetUpdates", "result":"", "context":Reason: NEW_CLIENT. cV=Nz4rlv8JVU+IdgZTvxz/sW}
{"logTime": "1110/200449", "correlationVector":"Nz4rlv8JVU+IdgZTvxz/sW.1","action":"SyncServerConnectionManagerRequest", "result":"SYNC_SERVER_OK", "context":{"environment":"Prod_francecentral_prod-s01-062-eur-francecentral", "migrationStage":"NotStarted", "server":"akswtt107000011"}}
{"logTime": "1110/200449", "correlationVector":"Nz4rlv8JVU+IdgZTvxz/sW.2","action":"ProcessGetUpdates", "result":"Done", "context":{"dataType":"History", "deleted":"0", "process_failed_to_decrypt":"0", "process_pending_decryption":"0", "process_success":"250", "total":"250"}}
{"logTime": "1110/200449", "correlationVector":"Nz4rlv8JVU+IdgZTvxz/sW.3","action":"GetUpdates Response", "result":"Success", "context":Received 250 update(s). cV=Nz4rlv8JVU+IdgZTvxz/sW.0;server=akswtt107000011;cloudType=Multitenant;environment=Prod_francecentral_prod-s01-062-eur-francecentral;migrationStage=NotStarted Some updates remain.}
{"logTime": "1110/200449", "correlationVector":"Vx5GvJMNvDRdB3SMkY8aia","action":"Initial GetUpdates", "result":"", "context":Reason: NEW_CLIENT. cV=Vx5GvJMNvDRdB3SMkY8aia}
{"logTime": "1110/200449", "correlationVector":"Vx5GvJMNvDRdB3SMkY8aia.1","action":"SyncServerConnectionManagerRequest", "result":"SYNC_SERVER_OK", "context":{"environment":"Prod_francecentral_prod-s01-062-eur-francecentral", "migrationStage":"NotStarted", "server":"akswtt10700001j"}}
{"logTime": "1110/200449", "correlationVector":"Vx5GvJMNvDRdB3SMkY8aia.2","action":"ProcessGetUpdates", "result":"Done", "context":{"dataType":"History", "deleted":"0", "process_failed_to_decrypt":"0", "process_pending_decryption":"0", "process_success":"250", "total":"250"}}
{"logTime": "1110/200449", "correlationVector":"Vx5GvJMNvDRdB3SMkY8aia.3","action":"GetUpdates Response", "result":"Success", "context":Received 250 update(s). cV=Vx5GvJMNvDRdB3SMkY8aia.0;server=akswtt10700001j;cloudType=Multitenant;environment=Prod_francecentral_prod-s01-062-eur-francecentral;migrationStage=NotStarted Some updates remain.}
{"logTime": "1110/200449", "correlationVector":"lt0yvme7YktidWGfDHoChp","action":"Initial GetUpdates", "result":"", "context":Reason: NEW_CLIENT. cV=lt0yvme7YktidWGfDHoChp}
{"logTime": "1110/200450", "correlationVector":"lt0yvme7YktidWGfDHoChp.1","action":"SyncServerConnectionManagerRequest", "result":"SYNC_SERVER_OK", "context":{"environment":"Prod_francecentral_prod-s01-062-eur-francecentral", "migrationStage":"NotStarted", "server":"akswtt10700000w"}}
{"logTime": "1110/200450", "correlationVector":"lt0yvme7YktidWGfDHoChp.2","action":"ProcessGetUpdates", "result":"Done", "context":{"dataType":"History", "deleted":"0", "process_failed_to_decrypt":"0", "process_pending_decryption":"0", "process_success":"250", "total":"250"}}
{"logTime": "1110/200450", "correlationVector":"lt0yvme7YktidWGfDHoChp.3","action":"GetUpdates Response", "result":"Success", "context":Received 250 update(s). cV=lt0yvme7YktidWGfDHoChp.0;server=akswtt10700000w;cloudType=Multitenant;environment=Prod_francecentral_prod-s01-062-eur-francecentral;migrationStage=NotStarted Some updates remain.}
{"logTime": "1110/200450", "correlationVector":"cJQT8G2p745tNCRTtq1OGC","action":"Initial GetUpdates", "result":"", "context":Reason: NEW_CLIENT. cV=cJQT8G2p745tNCRTtq1OGC}
{"logTime": "1110/200450", "correlationVector":"cJQT8G2p745tNCRTtq1OGC.1","action":"SyncServerConnectionManagerRequest", "result":"SYNC_SERVER_OK", "context":{"environment":"Prod_francecentral_prod-s01-062-eur-francecentral", "migrationStage":"NotStarted", "server":"akswtt107000011"}}
{"logTime": "1110/200450", "correlationVector":"cJQT8G2p745tNCRTtq1OGC.2","action":"ProcessGetUpdates", "result":"Done", "context":{"dataType":"History", "deleted":"0", "process_failed_to_decrypt":"0", "process_pending_decryption":"0", "process_success":"250", "total":"250"}}
{"logTime": "1110/200450", "correlationVector":"cJQT8G2p745tNCRTtq1OGC.3","action":"GetUpdates Response", "result":"Success", "context":Received 250 update(s). cV=cJQT8G2p745tNCRTtq1OGC.0;server=akswtt107000011;cloudType=Multitenant;environment=Prod_francecentral_prod-s01-062-eur-francecentral;migrationStage=NotStarted Some updates remain.}
{"logTime": "1110/200450", "correlationVector":"3nKfLEXfadItUsAC+hfy0r","action":"Initial GetUpdates", "result":"", "context":Reason: NEW_CLIENT. cV=3nKfLEXfadItUsAC+hfy0r}
{"logTime": "1110/200450", "correlationVector":"3nKfLEXfadItUsAC+hfy0r.1","action":"SyncServerConnectionManagerRequest", "result":"SYNC_SERVER_OK", "context":{"environment":"Prod_francecentral_prod-s01-062-eur-francecentral", "migrationStage":"NotStarted", "server":"akswtt10700000w"}}
{"logTime": "1110/200450", "correlationVector":"3nKfLEXfadItUsAC+hfy0r.2","action":"ProcessGetUpdates", "result":"Done", "context":{"dataType":"History", "deleted":"0", "process_failed_to_decrypt":"0", "process_pending_decryption":"0", "process_success":"20", "total":"20"}}
{"logTime": "1110/200450", "correlationVector":"3nKfLEXfadItUsAC+hfy0r.3","action":"GetUpdates Response", "result":"Success", "context":Received 20 update(s). cV=3nKfLEXfadItUsAC+hfy0r.0;server=akswtt10700000w;cloudType=Multitenant;environment=Prod_francecentral_prod-s01-062-eur-francecentral;migrationStage=NotStarted}
{"logTime": "1110/200450", "correlationVector":"dpm4VjSLYHcqUnS+ByRZ9x","action":"Normal GetUpdate request", "result":"", "context":cV=dpm4VjSLYHcqUnS+ByRZ9x
Nudged types: Sessions, Device Info, User Consents, History
Refresh requested types: Bookmarks, Preferences, Passwords, Autofill Profiles, Autofill, Extensions, Sessions, Extension settings, History Delete Directives, Device Info, User Consents, Send Tab To Self, Web Apps, History, Saved Tab Group, WebAuthn Credentials, Collection, Edge E Drop, Edge Hub App Usage, Edge Wallet, Encryption Keys}
{"logTime": "1110/200450", "correlationVector":"dpm4VjSLYHcqUnS+ByRZ9x.1","action":"SyncServerConnectionManagerRequest", "result":"SYNC_SERVER_OK", "context":{"environment":"Prod_francecentral_prod-s01-062-eur-francecentral", "migrationStage":"NotStarted", "server":"akswtt10700001j"}}
{"logTime": "1110/200450", "correlationVector":"dpm4VjSLYHcqUnS+ByRZ9x.2","action":"ProcessGetUpdates", "result":"Done", "context":{"dataType":"Sessions", "deleted":"0", "process_failed_to_decrypt":"0", "process_pending_decryption":"0", "process_success":"1", "total":"1"}}
{"logTime": "1110/200450", "correlationVector":"dpm4VjSLYHcqUnS+ByRZ9x.3","action":"GetUpdates Response", "result":"Success", "context":Received 1 update(s). cV=dpm4VjSLYHcqUnS+ByRZ9x.0;server=akswtt10700001j;cloudType=Multitenant;environment=Prod_francecentral_prod-s01-062-eur-francecentral;migrationStage=NotStarted}
{"logTime": "1110/200450", "correlationVector":"Kmw9MGqH++G00YhmdrDpit","action":"Commit Request", "result":"", "context":Item count: 6
Contributing types: Sessions, Device Info, User Consents, History}
{"logTime": "1110/200451", "correlationVector":"Kmw9MGqH++G00YhmdrDpit.1","action":"SyncServerConnectionManagerRequest", "result":"SYNC_SERVER_OK", "context":{"environment":"Prod_francecentral_prod-s01-062-eur-francecentral", "migrationStage":"NotStarted", "server":"akswtt107000017"}}
{"logTime": "1110/200451", "correlationVector":"Kmw9MGqH++G00YhmdrDpit.2","action":"Commit Response", "result":"Success", "context":Result: Success. cV=Kmw9MGqH++G00YhmdrDpit.0;server=akswtt107000017;cloudType=Multitenant;environment=Prod_francecentral_prod-s01-062-eur-francecentral;migrationStage=NotStarted}
{"logTime": "1110/200623", "correlationVector":"QS0I9JQ3qKge3nrVaboKWl","action":"Commit Request", "result":"", "context":Item count: 2
Contributing types: Sessions, History}
{"logTime": "1110/200623", "correlationVector":"QS0I9JQ3qKge3nrVaboKWl.1","action":"SyncServerConnectionManagerRequest", "result":"SYNC_SERVER_OK", "context":{"environment":"Prod_francecentral_prod-s01-062-eur-francecentral", "migrationStage":"NotStarted", "server":"akswtt10700001p"}}
{"logTime": "1110/200623", "correlationVector":"QS0I9JQ3qKge3nrVaboKWl.2","action":"Commit Response", "result":"Success", "context":Result: Success. cV=QS0I9JQ3qKge3nrVaboKWl.0;server=akswtt10700001p;cloudType=Multitenant;environment=Prod_francecentral_prod-s01-062-eur-francecentral;migrationStage=NotStarted}
{"logTime": "1110/200625", "correlationVector":"AmLFsD/PRfpIRlgIczCZn2","action":"Normal GetUpdate request", "result":"", "context":cV=AmLFsD/PRfpIRlgIczCZn2
Notified types: History}
{"logTime": "1110/200626", "correlationVector":"AmLFsD/PRfpIRlgIczCZn2.1","action":"SyncServerConnectionManagerRequest", "result":"SYNC_SERVER_OK", "context":{"environment":"Prod_francecentral_prod-s01-062-eur-francecentral", "migrationStage":"NotStarted", "server":"akswtt107000015"}}
{"logTime": "1110/200626", "correlationVector":"AmLFsD/PRfpIRlgIczCZn2.2","action":"ProcessGetUpdates", "result":"Done", "context":{"dataType":"Sessions", "deleted":"0", "process_failed_to_decrypt":"0", "process_pending_decryption":"0", "process_success":"4", "total":"4"}}
{"logTime": "1110/200626", "correlationVector":"AmLFsD/PRfpIRlgIczCZn2.3","action":"ProcessGetUpdates", "result":"Done", "context":{"dataType":"Device Info", "deleted":"0", "process_failed_to_decrypt":"0", "process_pending_decryption":"0", "process_success":"1", "total":"1"}}
{"logTime": "1110/200626", "correlationVector":"AmLFsD/PRfpIRlgIczCZn2.4","action":"ProcessGetUpdates", "result":"Done", "context":{"dataType":"History", "deleted":"0", "process_failed_to_decrypt":"0", "process_pending_decryption":"0", "process_success":"11", "total":"11"}}
{"logTime": "1110/200626", "correlationVector":"AmLFsD/PRfpIRlgIczCZn2.5","action":"GetUpdates Response", "result":"Success", "context":Received 16 update(s). cV=AmLFsD/PRfpIRlgIczCZn2.0;server=akswtt107000015;cloudType=Multitenant;environment=Prod_francecentral_prod-s01-062-eur-francecentral;migrationStage=NotStarted}
{"logTime": "1110/200626", "correlationVector":"Y9xGn+Yr6f2CFgLAhxnlVg","action":"DoCompareDataConsistency requsted types: ", "result":"Bookmarks, Preferences, Passwords, Extensions, Extension settings, History Delete Directives, Send Tab To Self, Web Apps, History, Saved Tab Group, WebAuthn Credentials, Collection, Edge E Drop, Edge Wallet, Encryption Keys"}
{"logTime": "1110/200626", "correlationVector":"Y9xGn+Yr6f2CFgLAhxnlVg.0","action":"CompareDataConsistency result: ", "result":"Compare result: Encryption Keys is consistent. local entities count is: 1 local entities hash is: /01nhYi2n0amzTnBGm6XXTJt2os="}
{"logTime": "1110/200626", "correlationVector":"Y9xGn+Yr6f2CFgLAhxnlVg.1","action":"CompareDataConsistency result: ", "result":"Compare result: Bookmarks is consistent. local entities count is: 14 local entities hash is: XlLQOiUxMUrLQvRb1pAqzcuzDz4="}
{"logTime": "1110/200626", "correlationVector":"Y9xGn+Yr6f2CFgLAhxnlVg.2","action":"CompareDataConsistency result: ", "result":"Compare result: Preferences is consistent. local entities count is: 58 local entities hash is: N1iKLlqvyDBeVADnBdMzopKW/RA="}
{"logTime": "1110/200626", "correlationVector":"Y9xGn+Yr6f2CFgLAhxnlVg.3","action":"CompareDataConsistency result: ", "result":"Compare result: Passwords is consistent. local entities count is: 24 local entities hash is: 7c2ymL4QAtHaBECKwxMNPmyTUts="}
{"logTime": "1110/200626", "correlationVector":"Y9xGn+Yr6f2CFgLAhxnlVg.4","action":"CompareDataConsistency result: ", "result":"Compare result: Extensions is consistent. local entities count is: 1 local entities hash is: UVQp5afbFQHCg4L6Ok8OpYMo+Hg="}
{"logTime": "1110/200626", "correlationVector":"Y9xGn+Yr6f2CFgLAhxnlVg.5","action":"CompareDataConsistency result: ", "result":"Compare result: Extension settings is consistent. local entities count is: 0 local entities hash is: "}
{"logTime": "1110/200626", "correlationVector":"Y9xGn+Yr6f2CFgLAhxnlVg.6","action":"CompareDataConsistency result: ", "result":"Compare result: History Delete Directives is consistent. local entities count is: 0 local entities hash is: "}
{"logTime": "1110/200626", "correlationVector":"Y9xGn+Yr6f2CFgLAhxnlVg.7","action":"CompareDataConsistency result: ", "result":"Server did not send this Send Tab To Self local entities count is: 0 local entities hash is: "}
{"logTime": "1110/200626", "correlationVector":"Y9xGn+Yr6f2CFgLAhxnlVg.8","action":"CompareDataConsistency result: ", "result":"Compare result: Web Apps is consistent. local entities count is: 1 local entities hash is: VF4NC0QGVdqqA6TOdZwOAMgY6RI="}
{"logTime": "1110/200626", "correlationVector":"Y9xGn+Yr6f2CFgLAhxnlVg.9","action":"CompareDataConsistency result: ", "result":"Server did not send this History local entities count is: 0 local entities hash is: "}
{"logTime": "1110/200626", "correlationVector":"Y9xGn+Yr6f2CFgLAhxnlVg.10","action":"CompareDataConsistency result: ", "result":"Compare result: Saved Tab Group is consistent. local entities count is: 8 local entities hash is: 4lWAMHmmlNgaE8URrG/3GI6/T4Y="}
{"logTime": "1110/200626", "correlationVector":"Y9xGn+Yr6f2CFgLAhxnlVg.11","action":"CompareDataConsistency result: ", "result":"Server did not send this WebAuthn Credentials local entities count is: 0 local entities hash is: "}
{"logTime": "1110/200626", "correlationVector":"Y9xGn+Yr6f2CFgLAhxnlVg.12","action":"CompareDataConsistency result: ", "result":"Compare result: Collection is consistent. local entities count is: 0 local entities hash is: "}
{"logTime": "1110/200626", "correlationVector":"Y9xGn+Yr6f2CFgLAhxnlVg.13","action":"CompareDataConsistency result: ", "result":"Compare result: Edge E Drop is consistent. local entities count is: 0 local entities hash is: "}
{"logTime": "1110/200626", "correlationVector":"Y9xGn+Yr6f2CFgLAhxnlVg.14","action":"CompareDataConsistency result: ", "result":"Compare result: Edge Wallet is consistent. local entities count is: 0 local entities hash is: "}
{"logTime": "1110/200626", "correlationVector":"","action":"DIAGNOSTIC_REQUEST|v1/diagnosticData/Diagnostic.SendCheckResult()|SUCCESS", "result":""}
{"logTime": "1110/200628", "correlationVector":"jmuHGWkOu3y08JZ+/OtWf9","action":"Normal GetUpdate request", "result":"", "context":cV=jmuHGWkOu3y08JZ+/OtWf9
Notified types: Autofill Profiles}
{"logTime": "1110/200628", "correlationVector":"jmuHGWkOu3y08JZ+/OtWf9.1","action":"SyncServerConnectionManagerRequest", "result":"SYNC_SERVER_OK", "context":{"environment":"Prod_francecentral_prod-s01-062-eur-francecentral", "migrationStage":"NotStarted", "server":"akswtt10700001j"}}
{"logTime": "1110/200628", "correlationVector":"jmuHGWkOu3y08JZ+/OtWf9.2","action":"ProcessGetUpdates", "result":"Done", "context":{"dataType":"Autofill Profiles", "deleted":"0", "process_failed_to_decrypt":"0", "process_pending_decryption":"0", "process_success":"1", "total":"1"}}
{"logTime": "1110/200628", "correlationVector":"jmuHGWkOu3y08JZ+/OtWf9.3","action":"GetUpdates Response", "result":"Success", "context":Received 1 update(s). cV=jmuHGWkOu3y08JZ+/OtWf9.0;server=akswtt10700001j;cloudType=Multitenant;environment=Prod_francecentral_prod-s01-062-eur-francecentral;migrationStage=NotStarted}
{"logTime": "1110/200739", "correlationVector":"QofpO6f21OMzgAH8UGw5IE","action":"Normal GetUpdate request", "result":"", "context":cV=QofpO6f21OMzgAH8UGw5IE
Notified types: Device Info}
{"logTime": "1110/200739", "correlationVector":"QofpO6f21OMzgAH8UGw5IE.1","action":"SyncServerConnectionManagerRequest", "result":"SYNC_SERVER_OK", "context":{"environment":"Prod_francecentral_prod-s01-062-eur-francecentral", "migrationStage":"NotStarted", "server":"akswtt10700000t"}}
{"logTime": "1110/200739", "correlationVector":"QofpO6f21OMzgAH8UGw5IE.2","action":"ProcessGetUpdates", "result":"Done", "context":{"dataType":"Device Info", "deleted":"0", "process_failed_to_decrypt":"0", "process_pending_decryption":"0", "process_success":"1", "total":"1"}}
{"logTime": "1110/200739", "correlationVector":"QofpO6f21OMzgAH8UGw5IE.3","action":"GetUpdates Response", "result":"Success", "context":Received 1 update(s). cV=QofpO6f21OMzgAH8UGw5IE.0;server=akswtt10700000t;cloudType=Multitenant;environment=Prod_francecentral_prod-s01-062-eur-francecentral;migrationStage=NotStarted}
{"logTime": "1110/200745", "correlationVector":"dT4/a0ePKjuynMDHnrJLBl","action":"Normal GetUpdate request", "result":"", "context":cV=dT4/a0ePKjuynMDHnrJLBl
Notified types: Device Info, History}
{"logTime": "1110/200745", "correlationVector":"dT4/a0ePKjuynMDHnrJLBl.1","action":"SyncServerConnectionManagerRequest", "result":"SYNC_SERVER_OK", "context":{"environment":"Prod_francecentral_prod-s01-062-eur-francecentral", "migrationStage":"NotStarted", "server":"akswtt107000023"}}
{"logTime": "1110/200745", "correlationVector":"dT4/a0ePKjuynMDHnrJLBl.2","action":"ProcessGetUpdates", "result":"Done", "context":{"dataType":"Sessions", "deleted":"0", "process_failed_to_decrypt":"0", "process_pending_decryption":"0", "process_success":"3", "total":"3"}}
{"logTime": "1110/200745", "correlationVector":"dT4/a0ePKjuynMDHnrJLBl.3","action":"ProcessGetUpdates", "result":"Done", "context":{"dataType":"Device Info", "deleted":"0", "process_failed_to_decrypt":"0", "process_pending_decryption":"0", "process_success":"1", "total":"1"}}
{"logTime": "1110/200745", "correlationVector":"dT4/a0ePKjuynMDHnrJLBl.4","action":"ProcessGetUpdates", "result":"Done", "context":{"dataType":"History", "deleted":"0", "process_failed_to_decrypt":"0", "process_pending_decryption":"0", "process_success":"6", "total":"6"}}
{"logTime": "1110/200745", "correlationVector":"dT4/a0ePKjuynMDHnrJLBl.5","action":"GetUpdates Response", "result":"Success", "context":Received 10 update(s). cV=dT4/a0ePKjuynMDHnrJLBl.0;server=akswtt107000023;cloudType=Multitenant;environment=Prod_francecentral_prod-s01-062-eur-francecentral;migrationStage=NotStarted}
{"logTime": "1110/200747", "correlationVector":"8nZ98ybxtDRwiuCsmt7qvs","action":"Normal GetUpdate request", "result":"", "context":cV=8nZ98ybxtDRwiuCsmt7qvs
Notified types: Preferences, History}
{"logTime": "1110/200747", "correlationVector":"8nZ98ybxtDRwiuCsmt7qvs.1","action":"SyncServerConnectionManagerRequest", "result":"SYNC_SERVER_OK", "context":{"environment":"Prod_francecentral_prod-s01-062-eur-francecentral", "migrationStage":"NotStarted", "server":"akswtt107000002"}}
{"logTime": "1110/200747", "correlationVector":"8nZ98ybxtDRwiuCsmt7qvs.2","action":"ProcessGetUpdates", "result":"Done", "context":{"dataType":"Preferences", "deleted":"0", "process_failed_to_decrypt":"0", "process_pending_decryption":"0", "process_success":"1", "total":"1"}}
{"logTime": "1110/200747", "correlationVector":"8nZ98ybxtDRwiuCsmt7qvs.3","action":"ProcessGetUpdates", "result":"Done", "context":{"dataType":"Sessions", "deleted":"0", "process_failed_to_decrypt":"0", "process_pending_decryption":"0", "process_success":"1", "total":"1"}}
{"logTime": "1110/200747", "correlationVector":"8nZ98ybxtDRwiuCsmt7qvs.4","action":"ProcessGetUpdates", "result":"Done", "context":{"dataType":"History", "deleted":"0", "process_failed_to_decrypt":"0", "process_pending_decryption":"0", "process_success":"2", "total":"2"}}
{"logTime": "1110/200747", "correlationVector":"8nZ98ybxtDRwiuCsmt7qvs.5","action":"GetUpdates Response", "result":"Success", "context":Received 4 update(s). cV=8nZ98ybxtDRwiuCsmt7qvs.0;server=akswtt107000002;cloudType=Multitenant;environment=Prod_francecentral_prod-s01-062-eur-francecentral;migrationStage=NotStarted}
{"logTime": "1110/200854", "correlationVector":"n+mhrDKBEqbn0SvoMBs4ta","action":"Normal GetUpdate request", "result":"", "context":cV=n+mhrDKBEqbn0SvoMBs4ta
Notified types: History}
{"logTime": "1110/200854", "correlationVector":"n+mhrDKBEqbn0SvoMBs4ta.1","action":"SyncServerConnectionManagerRequest", "result":"SYNC_SERVER_OK", "context":{"environment":"Prod_francecentral_prod-s01-062-eur-francecentral", "migrationStage":"NotStarted", "server":"akswtt107000015"}}
{"logTime": "1110/200854", "correlationVector":"n+mhrDKBEqbn0SvoMBs4ta.2","action":"ProcessGetUpdates", "result":"Done", "context":{"dataType":"Sessions", "deleted":"0", "process_failed_to_decrypt":"0", "process_pending_decryption":"0", "process_success":"5", "total":"5"}}
{"logTime": "1110/200854", "correlationVector":"n+mhrDKBEqbn0SvoMBs4ta.3","action":"ProcessGetUpdates", "result":"Done", "context":{"dataType":"History", "deleted":"0", "process_failed_to_decrypt":"0", "process_pending_decryption":"0", "process_success":"8", "total":"8"}}
{"logTime": "1110/200854", "correlationVector":"n+mhrDKBEqbn0SvoMBs4ta.4","action":"GetUpdates Response", "result":"Success", "context":Received 13 update(s). cV=n+mhrDKBEqbn0SvoMBs4ta.0;server=akswtt107000015;cloudType=Multitenant;environment=Prod_francecentral_prod-s01-062-eur-francecentral;migrationStage=NotStarted}
{"logTime": "1110/203347", "correlationVector":"7K+5ysd4utDXsNKDxCywOw","action":"Commit Request", "result":"", "context":Item count: 3
Contributing types: Sessions, History}
{"logTime": "1110/203348", "correlationVector":"7K+5ysd4utDXsNKDxCywOw","action":"SyncServerConnectionManagerRequest", "result":"CONNECTION_UNAVAILABLE", "context":{"error_type":"net_error_code", "error_value":"-3"}}
{"logTime": "1110/203805", "correlationVector":"oVSkPCESLMReddlJeZVP+a.1","action":"SyncServerConnectionManagerRequest", "result":"SYNC_SERVER_OK", "context":{"environment":"Prod_francecentral_prod-s01-062-eur-francecentral", "migrationStage":"NotStarted", "server":"akswtt107000016"}}
{"logTime": "1110/203808", "correlationVector":"oVSkPCESLMReddlJeZVP+a.2","action":"AAD.Mip.Unpack", "result":"Success", "context":MIP_CLOUD_COMMERCIAL:Success}
{"logTime": "1110/203808", "correlationVector":"oVSkPCESLMReddlJeZVP+a.3","action":"EncryptionKeysManager::SetEncryptionKeys:", "result":"Success", "context":Key names[1]:[67nhrxO1jOhLGb+sa0KbBSMWObD57KDS+lhTyLXkcJk5vnr6fGTRxxqSYQuMpMQxZBm3B0MtBLygk2TDSkM7JQ==]}
{"logTime": "1110/203808", "correlationVector":"oVSkPCESLMReddlJeZVP+a.4","action":"AAD.GetKeyResponse", "result":"Success", "context":Keys=1.LastKeyStatus=Active. 2025-09-23 22:41:27 +02.State=None. Tags: Current_encryption_keys_tag = 77+9fS7vv73Qoe+/ve+/vXZQ77+977+9C++/vRbvv73vv73vv703HgPvv73vv73vv73vv73vv73vv73vv73vv73vv73vv73vv70=, Updated_current_encryption_keys_tag = Empty. Emails: ["amir.elouni@tek-up.de"]}
{"logTime": "1110/203808", "correlationVector":"oVSkPCESLMReddlJeZVP+a.5","action":"ProcessGetUpdates", "result":"Done", "context":{"dataType":"Encryption Keys", "deleted":"0", "process_failed_to_decrypt":"0", "process_pending_decryption":"0", "process_success":"1", "total":"1"}}
{"logTime": "1110/203808", "correlationVector":"oVSkPCESLMReddlJeZVP+a","action":"Initial GetUpdates", "result":"", "context":Reason: NEW_CLIENT. cV=oVSkPCESLMReddlJeZVP+a}
{"logTime": "1110/203808", "correlationVector":"oVSkPCESLMReddlJeZVP+a.6","action":"GetUpdates Response", "result":"Success", "context":Received 1 update(s). cV=oVSkPCESLMReddlJeZVP+a.0;server=akswtt107000016;cloudType=Multitenant;environment=Prod_francecentral_prod-s01-062-eur-francecentral;migrationStage=NotStarted}
{"logTime": "1110/203808", "correlationVector":"WtuRRHlZzMDA48UgGNNetv","action":"Initial GetUpdates", "result":"", "context":Reason: NEWLY_SUPPORTED_DATATYPE. cV=WtuRRHlZzMDA48UgGNNetv}
{"logTime": "1110/203808", "correlationVector":"WtuRRHlZzMDA48UgGNNetv.1","action":"SyncServerConnectionManagerRequest", "result":"SYNC_SERVER_OK", "context":{"environment":"Prod_francecentral_prod-s01-062-eur-francecentral", "migrationStage":"NotStarted", "server":"akswtt107000008"}}
{"logTime": "1110/203808", "correlationVector":"WtuRRHlZzMDA48UgGNNetv.2","action":"ProcessGetUpdates", "result":"Done", "context":{"dataType":"Passwords", "deleted":"0", "process_failed_to_decrypt":"0", "process_pending_decryption":"0", "process_success":"24", "total":"24"}}
{"logTime": "1110/203808", "correlationVector":"WtuRRHlZzMDA48UgGNNetv.3","action":"GetUpdates Response", "result":"Success", "context":Received 24 update(s). cV=WtuRRHlZzMDA48UgGNNetv.0;server=akswtt107000008;cloudType=Multitenant;environment=Prod_francecentral_prod-s01-062-eur-francecentral;migrationStage=NotStarted}
{"logTime": "1110/203808", "correlationVector":"m8G70dHJiYF2LXqrQSBedW","action":"Normal GetUpdate request", "result":"", "context":cV=m8G70dHJiYF2LXqrQSBedW
Nudged types: Sessions, History
Refresh requested types: Bookmarks, Preferences, Passwords, Autofill Profiles, Autofill, Extensions, Sessions, Extension settings, History Delete Directives, Device Info, User Consents, Send Tab To Self, Web Apps, History, Saved Tab Group, WebAuthn Credentials, Collection, Edge E Drop, Edge Hub App Usage, Edge Wallet, Encryption Keys}
{"logTime": "1110/203809", "correlationVector":"m8G70dHJiYF2LXqrQSBedW.1","action":"SyncServerConnectionManagerRequest", "result":"SYNC_SERVER_OK", "context":{"environment":"Prod_francecentral_prod-s01-062-eur-francecentral", "migrationStage":"NotStarted", "server":"akswtt107000022"}}
{"logTime": "1110/203809", "correlationVector":"m8G70dHJiYF2LXqrQSBedW.2","action":"ProcessGetUpdates", "result":"Done", "context":{"dataType":"Sessions", "deleted":"6", "process_failed_to_decrypt":"0", "process_pending_decryption":"0", "process_success":"14", "total":"14"}}
{"logTime": "1110/203809", "correlationVector":"m8G70dHJiYF2LXqrQSBedW.3","action":"ProcessGetUpdates", "result":"Done", "context":{"dataType":"History", "deleted":"0", "process_failed_to_decrypt":"0", "process_pending_decryption":"0", "process_success":"7", "total":"7"}}
{"logTime": "1110/203809", "correlationVector":"m8G70dHJiYF2LXqrQSBedW.4","action":"GetUpdates Response", "result":"Success", "context":Received 21 update(s). cV=m8G70dHJiYF2LXqrQSBedW.0;server=akswtt107000022;cloudType=Multitenant;environment=Prod_francecentral_prod-s01-062-eur-francecentral;migrationStage=NotStarted}
{"logTime": "1110/203809", "correlationVector":"goTceuEhI+dQiCloIczc5x","action":"Commit Request", "result":"", "context":Item count: 5
Contributing types: Sessions, History}
{"logTime": "1110/203809", "correlationVector":"goTceuEhI+dQiCloIczc5x.1","action":"SyncServerConnectionManagerRequest", "result":"SYNC_SERVER_OK", "context":{"environment":"Prod_francecentral_prod-s01-062-eur-francecentral", "migrationStage":"NotStarted", "server":"akswtt107000000"}}
{"logTime": "1110/203809", "correlationVector":"goTceuEhI+dQiCloIczc5x.2","action":"Commit Response", "result":"Success", "context":Result: Success. cV=goTceuEhI+dQiCloIczc5x.0;server=akswtt107000000;cloudType=Multitenant;environment=Prod_francecentral_prod-s01-062-eur-francecentral;migrationStage=NotStarted}
{"logTime": "1110/203909", "correlationVector":"UyedqvkyetheQ25zlnkdd1","action":"Commit Request", "result":"", "context":Item count: 2
Contributing types: Sessions, History}
{"logTime": "1110/203909", "correlationVector":"UyedqvkyetheQ25zlnkdd1.1","action":"SyncServerConnectionManagerRequest", "result":"SYNC_SERVER_OK", "context":{"environment":"Prod_francecentral_prod-s01-062-eur-francecentral", "migrationStage":"NotStarted", "server":"akswtt107000000"}}
{"logTime": "1110/203909", "correlationVector":"UyedqvkyetheQ25zlnkdd1.2","action":"Commit Response", "result":"Success", "context":Result: Success. cV=UyedqvkyetheQ25zlnkdd1.0;server=akswtt107000000;cloudType=Multitenant;environment=Prod_francecentral_prod-s01-062-eur-francecentral;migrationStage=NotStarted}
{"logTime": "1110/204023", "correlationVector":"y+gl/ZA4k+KgtLKZfndOWB","action":"Normal GetUpdate request", "result":"", "context":cV=y+gl/ZA4k+KgtLKZfndOWB
Notified types: History}
{"logTime": "1110/204024", "correlationVector":"y+gl/ZA4k+KgtLKZfndOWB.1","action":"SyncServerConnectionManagerRequest", "result":"SYNC_SERVER_OK", "context":{"environment":"Prod_francecentral_prod-s01-062-eur-francecentral", "migrationStage":"NotStarted", "server":"akswtt107000000"}}
{"logTime": "1110/204024", "correlationVector":"y+gl/ZA4k+KgtLKZfndOWB.2","action":"ProcessGetUpdates", "result":"Done", "context":{"dataType":"Sessions", "deleted":"0", "process_failed_to_decrypt":"0", "process_pending_decryption":"0", "process_success":"7", "total":"7"}}
{"logTime": "1110/204024", "correlationVector":"y+gl/ZA4k+KgtLKZfndOWB.3","action":"ProcessGetUpdates", "result":"Done", "context":{"dataType":"History", "deleted":"0", "process_failed_to_decrypt":"0", "process_pending_decryption":"0", "process_success":"6", "total":"6"}}
{"logTime": "1110/204024", "correlationVector":"y+gl/ZA4k+KgtLKZfndOWB.4","action":"GetUpdates Response", "result":"Success", "context":Received 13 update(s). cV=y+gl/ZA4k+KgtLKZfndOWB.0;server=akswtt107000000;cloudType=Multitenant;environment=Prod_francecentral_prod-s01-062-eur-francecentral;migrationStage=NotStarted}
{"logTime": "1110/204311", "correlationVector":"0THae+mgbuQ1wtM7qG6/Wm","action":"Normal GetUpdate request", "result":"", "context":cV=0THae+mgbuQ1wtM7qG6/Wm
Notified types: History}
{"logTime": "1110/204313", "correlationVector":"0THae+mgbuQ1wtM7qG6/Wm.1","action":"SyncServerConnectionManagerRequest", "result":"SYNC_SERVER_OK", "context":{"environment":"Prod_francecentral_prod-s01-062-eur-francecentral", "migrationStage":"NotStarted", "server":"akswtt107000013"}}
{"logTime": "1110/204313", "correlationVector":"0THae+mgbuQ1wtM7qG6/Wm.2","action":"ProcessGetUpdates", "result":"Done", "context":{"dataType":"Sessions", "deleted":"0", "process_failed_to_decrypt":"0", "process_pending_decryption":"0", "process_success":"1", "total":"1"}}
{"logTime": "1110/204313", "correlationVector":"0THae+mgbuQ1wtM7qG6/Wm.3","action":"ProcessGetUpdates", "result":"Done", "context":{"dataType":"History", "deleted":"0", "process_failed_to_decrypt":"0", "process_pending_decryption":"0", "process_success":"2", "total":"2"}}
{"logTime": "1110/204313", "correlationVector":"0THae+mgbuQ1wtM7qG6/Wm.4","action":"GetUpdates Response", "result":"Success", "context":Received 3 update(s). cV=0THae+mgbuQ1wtM7qG6/Wm.0;server=akswtt107000013;cloudType=Multitenant;environment=Prod_francecentral_prod-s01-062-eur-francecentral;migrationStage=NotStarted}
{"logTime": "1110/204845", "correlationVector":"/a0pFmVEBrNZCQtaVhbCNM","action":"Normal GetUpdate request", "result":"", "context":cV=/a0pFmVEBrNZCQtaVhbCNM
Notified types: Device Info}
{"logTime": "1110/204846", "correlationVector":"/a0pFmVEBrNZCQtaVhbCNM.1","action":"SyncServerConnectionManagerRequest", "result":"SYNC_SERVER_OK", "context":{"environment":"Prod_francecentral_prod-s01-062-eur-francecentral", "migrationStage":"NotStarted", "server":"akswtt10700000d"}}
{"logTime": "1110/204846", "correlationVector":"/a0pFmVEBrNZCQtaVhbCNM.2","action":"ProcessGetUpdates", "result":"Done", "context":{"dataType":"Preferences", "deleted":"0", "process_failed_to_decrypt":"0", "process_pending_decryption":"0", "process_success":"1", "total":"1"}}
{"logTime": "1110/204846", "correlationVector":"/a0pFmVEBrNZCQtaVhbCNM.3","action":"ProcessGetUpdates", "result":"Done", "context":{"dataType":"Sessions", "deleted":"0", "process_failed_to_decrypt":"0", "process_pending_decryption":"0", "process_success":"2", "total":"2"}}
{"logTime": "1110/204846", "correlationVector":"/a0pFmVEBrNZCQtaVhbCNM.4","action":"ProcessGetUpdates", "result":"Done", "context":{"dataType":"Device Info", "deleted":"0", "process_failed_to_decrypt":"0", "process_pending_decryption":"0", "process_success":"1", "total":"1"}}
{"logTime": "1110/204846", "correlationVector":"/a0pFmVEBrNZCQtaVhbCNM.5","action":"ProcessGetUpdates", "result":"Done", "context":{"dataType":"History", "deleted":"0", "process_failed_to_decrypt":"0", "process_pending_decryption":"0", "process_success":"1", "total":"1"}}
{"logTime": "1110/204846", "correlationVector":"/a0pFmVEBrNZCQtaVhbCNM.6","action":"GetUpdates Response", "result":"Success", "context":Received 5 update(s). cV=/a0pFmVEBrNZCQtaVhbCNM.0;server=akswtt10700000d;cloudType=Multitenant;environment=Prod_francecentral_prod-s01-062-eur-francecentral;migrationStage=NotStarted}
{"logTime": "1110/204846", "correlationVector":"rqNJvtPq7GbADVBnDUG07n","action":"Normal GetUpdate request", "result":"", "context":cV=rqNJvtPq7GbADVBnDUG07n
Notified types: Preferences, Device Info, History}
{"logTime": "1110/204846", "correlationVector":"rqNJvtPq7GbADVBnDUG07n.1","action":"SyncServerConnectionManagerRequest", "result":"SYNC_SERVER_OK", "context":{"environment":"Prod_francecentral_prod-s01-062-eur-francecentral", "migrationStage":"NotStarted", "server":"akswtt107000012"}}
{"logTime": "1110/204846", "correlationVector":"rqNJvtPq7GbADVBnDUG07n.2","action":"GetUpdates Response", "result":"Success", "context":Received 0 update(s). cV=rqNJvtPq7GbADVBnDUG07n.0;server=akswtt107000012;cloudType=Multitenant;environment=Prod_francecentral_prod-s01-062-eur-francecentral;migrationStage=NotStarted}
{"logTime": "1110/204946", "correlationVector":"nRdCEcZWvZk1Iw3CNYrMMd","action":"Normal GetUpdate request", "result":"", "context":cV=nRdCEcZWvZk1Iw3CNYrMMd
Notified types: History}
{"logTime": "1110/204946", "correlationVector":"nRdCEcZWvZk1Iw3CNYrMMd.1","action":"SyncServerConnectionManagerRequest", "result":"SYNC_SERVER_OK", "context":{"environment":"Prod_francecentral_prod-s01-062-eur-francecentral", "migrationStage":"NotStarted", "server":"akswtt107000010"}}
{"logTime": "1110/204946", "correlationVector":"nRdCEcZWvZk1Iw3CNYrMMd.2","action":"ProcessGetUpdates", "result":"Done", "context":{"dataType":"Sessions", "deleted":"0", "process_failed_to_decrypt":"0", "process_pending_decryption":"0", "process_success":"1", "total":"1"}}
{"logTime": "1110/204946", "correlationVector":"nRdCEcZWvZk1Iw3CNYrMMd.3","action":"ProcessGetUpdates", "result":"Done", "context":{"dataType":"History", "deleted":"0", "process_failed_to_decrypt":"0", "process_pending_decryption":"0", "process_success":"3", "total":"3"}}
{"logTime": "1110/204946", "correlationVector":"nRdCEcZWvZk1Iw3CNYrMMd.4","action":"GetUpdates Response", "result":"Success", "context":Received 4 update(s). cV=nRdCEcZWvZk1Iw3CNYrMMd.0;server=akswtt107000010;cloudType=Multitenant;environment=Prod_francecentral_prod-s01-062-eur-francecentral;migrationStage=NotStarted}
{"logTime": "1110/210047", "correlationVector":"ltumShUrUx46moPxEO72j9","action":"Normal GetUpdate request", "result":"", "context":cV=ltumShUrUx46moPxEO72j9
Notified types: History}
{"logTime": "1110/210047", "correlationVector":"ltumShUrUx46moPxEO72j9.1","action":"SyncServerConnectionManagerRequest", "result":"SYNC_AUTH_ERROR", "context":{"environment":"Prod_francecentral_prod-s01-062-eur-francecentral", "migrationStage":"NotStarted", "server":"akswtt10700000w"}}
{"logTime": "1110/210047", "correlationVector":"ltumShUrUx46moPxEO72j9.2","action":"GetUpdates Response", "result":"HTTP error (401)", "context":Received error: HTTP error (401). cV=ltumShUrUx46moPxEO72j9.0;server=akswtt10700000w;cloudType=Undetermined;environment=Prod_francecentral_prod-s01-062-eur-francecentral;migrationStage=NotStarted}
{"logTime": "1110/210048", "correlationVector":"xoilFv1zEtJ5q4gomO1YMg","action":"Normal GetUpdate request", "result":"", "context":cV=xoilFv1zEtJ5q4gomO1YMg
Notified types: History}
{"logTime": "1110/210049", "correlationVector":"xoilFv1zEtJ5q4gomO1YMg.1","action":"SyncServerConnectionManagerRequest", "result":"SYNC_SERVER_OK", "context":{"environment":"Prod_francecentral_prod-s01-062-eur-francecentral", "migrationStage":"NotStarted", "server":"akswtt107000022"}}
{"logTime": "1110/210049", "correlationVector":"xoilFv1zEtJ5q4gomO1YMg.2","action":"ProcessGetUpdates", "result":"Done", "context":{"dataType":"Sessions", "deleted":"0", "process_failed_to_decrypt":"0", "process_pending_decryption":"0", "process_success":"1", "total":"1"}}
{"logTime": "1110/210049", "correlationVector":"xoilFv1zEtJ5q4gomO1YMg.3","action":"ProcessGetUpdates", "result":"Done", "context":{"dataType":"History", "deleted":"0", "process_failed_to_decrypt":"0", "process_pending_decryption":"0", "process_success":"4", "total":"4"}}
{"logTime": "1110/210049", "correlationVector":"xoilFv1zEtJ5q4gomO1YMg.4","action":"GetUpdates Response", "result":"Success", "context":Received 5 update(s). cV=xoilFv1zEtJ5q4gomO1YMg.0;server=akswtt107000022;cloudType=Multitenant;environment=Prod_francecentral_prod-s01-062-eur-francecentral;migrationStage=NotStarted}
{"logTime": "1110/212547", "correlationVector":"9Lx3DkQ2lLNavMD/EezGa0","action":"Normal GetUpdate request", "result":"", "context":cV=9Lx3DkQ2lLNavMD/EezGa0
Notified types: History}
{"logTime": "1110/212548", "correlationVector":"9Lx3DkQ2lLNavMD/EezGa0.1","action":"SyncServerConnectionManagerRequest", "result":"SYNC_SERVER_OK", "context":{"environment":"Prod_francecentral_prod-s01-062-eur-francecentral", "migrationStage":"NotStarted", "server":"akswtt107000003"}}
{"logTime": "1110/212548", "correlationVector":"9Lx3DkQ2lLNavMD/EezGa0.2","action":"ProcessGetUpdates", "result":"Done", "context":{"dataType":"Sessions", "deleted":"0", "process_failed_to_decrypt":"0", "process_pending_decryption":"0", "process_success":"1", "total":"1"}}
{"logTime": "1110/212548", "correlationVector":"9Lx3DkQ2lLNavMD/EezGa0.3","action":"ProcessGetUpdates", "result":"Done", "context":{"dataType":"History", "deleted":"0", "process_failed_to_decrypt":"0", "process_pending_decryption":"0", "process_success":"2", "total":"2"}}
{"logTime": "1110/212548", "correlationVector":"9Lx3DkQ2lLNavMD/EezGa0.4","action":"GetUpdates Response", "result":"Success", "context":Received 3 update(s). cV=9Lx3DkQ2lLNavMD/EezGa0.0;server=akswtt107000003;cloudType=Multitenant;environment=Prod_francecentral_prod-s01-062-eur-francecentral;migrationStage=NotStarted}
{"logTime": "1110/214245", "correlationVector":"YqKNRz7lWBf4PZsYjPZSpD","action":"Normal GetUpdate request", "result":"", "context":cV=YqKNRz7lWBf4PZsYjPZSpD
Notified types: History}
{"logTime": "1110/214246", "correlationVector":"YqKNRz7lWBf4PZsYjPZSpD.1","action":"SyncServerConnectionManagerRequest", "result":"SYNC_SERVER_OK", "context":{"environment":"Prod_francecentral_prod-s01-062-eur-francecentral", "migrationStage":"NotStarted", "server":"akswtt107000021"}}
{"logTime": "1110/214246", "correlationVector":"YqKNRz7lWBf4PZsYjPZSpD.2","action":"ProcessGetUpdates", "result":"Done", "context":{"dataType":"Sessions", "deleted":"0", "process_failed_to_decrypt":"0", "process_pending_decryption":"0", "process_success":"1", "total":"1"}}
{"logTime": "1110/214246", "correlationVector":"YqKNRz7lWBf4PZsYjPZSpD.3","action":"ProcessGetUpdates", "result":"Done", "context":{"dataType":"History", "deleted":"0", "process_failed_to_decrypt":"0", "process_pending_decryption":"0", "process_success":"1", "total":"1"}}
{"logTime": "1110/214246", "correlationVector":"YqKNRz7lWBf4PZsYjPZSpD.4","action":"GetUpdates Response", "result":"Success", "context":Received 2 update(s). cV=YqKNRz7lWBf4PZsYjPZSpD.0;server=akswtt107000021;cloudType=Multitenant;environment=Prod_francecentral_prod-s01-062-eur-francecentral;migrationStage=NotStarted}
{"logTime": "1111/061851", "correlationVector":"ZMRUv937sz1ZVC2ie5vVcF.1","action":"SyncServerConnectionManagerRequest", "result":"SYNC_SERVER_OK", "context":{"environment":"Prod_francecentral_prod-s01-062-eur-francecentral", "migrationStage":"NotStarted", "server":"akswtt10700000e"}}
{"logTime": "1111/061853", "correlationVector":"ZMRUv937sz1ZVC2ie5vVcF.2","action":"AAD.Mip.Unpack", "result":"Success", "context":MIP_CLOUD_COMMERCIAL:Success}
{"logTime": "1111/061853", "correlationVector":"ZMRUv937sz1ZVC2ie5vVcF.3","action":"EncryptionKeysManager::SetEncryptionKeys:", "result":"Success", "context":Key names[1]:[67nhrxO1jOhLGb+sa0KbBSMWObD57KDS+lhTyLXkcJk5vnr6fGTRxxqSYQuMpMQxZBm3B0MtBLygk2TDSkM7JQ==]}
{"logTime": "1111/061853", "correlationVector":"ZMRUv937sz1ZVC2ie5vVcF.4","action":"AAD.GetKeyResponse", "result":"Success", "context":Keys=1.LastKeyStatus=Active. 2025-09-23 22:41:27 +02.State=None. Tags: Current_encryption_keys_tag = 77+9fS7vv73Qoe+/ve+/vXZQ77+977+9C++/vRbvv73vv73vv703HgPvv73vv73vv73vv73vv73vv73vv73vv73vv73vv73vv70=, Updated_current_encryption_keys_tag = Empty. Emails: ["amir.elouni@tek-up.de"]}
{"logTime": "1111/061853", "correlationVector":"ZMRUv937sz1ZVC2ie5vVcF.5","action":"ProcessGetUpdates", "result":"Done", "context":{"dataType":"Encryption Keys", "deleted":"0", "process_failed_to_decrypt":"0", "process_pending_decryption":"0", "process_success":"1", "total":"1"}}
{"logTime": "1111/061853", "correlationVector":"ZMRUv937sz1ZVC2ie5vVcF","action":"Initial GetUpdates", "result":"", "context":Reason: NEW_CLIENT. cV=ZMRUv937sz1ZVC2ie5vVcF}
{"logTime": "1111/061853", "correlationVector":"ZMRUv937sz1ZVC2ie5vVcF.6","action":"GetUpdates Response", "result":"Success", "context":Received 1 update(s). cV=ZMRUv937sz1ZVC2ie5vVcF.0;server=akswtt10700000e;cloudType=Multitenant;environment=Prod_francecentral_prod-s01-062-eur-francecentral;migrationStage=NotStarted}
{"logTime": "1111/061853", "correlationVector":"eus2T18RTgvwdrKouKINQv","action":"Initial GetUpdates", "result":"", "context":Reason: NEWLY_SUPPORTED_DATATYPE. cV=eus2T18RTgvwdrKouKINQv}
{"logTime": "1111/061854", "correlationVector":"eus2T18RTgvwdrKouKINQv.1","action":"SyncServerConnectionManagerRequest", "result":"SYNC_SERVER_OK", "context":{"environment":"Prod_francecentral_prod-s01-062-eur-francecentral", "migrationStage":"NotStarted", "server":"akswtt107000003"}}
{"logTime": "1111/061854", "correlationVector":"eus2T18RTgvwdrKouKINQv.2","action":"ProcessGetUpdates", "result":"Done", "context":{"dataType":"Passwords", "deleted":"0", "process_failed_to_decrypt":"0", "process_pending_decryption":"0", "process_success":"24", "total":"24"}}
{"logTime": "1111/061854", "correlationVector":"eus2T18RTgvwdrKouKINQv.3","action":"GetUpdates Response", "result":"Success", "context":Received 24 update(s). cV=eus2T18RTgvwdrKouKINQv.0;server=akswtt107000003;cloudType=Multitenant;environment=Prod_francecentral_prod-s01-062-eur-francecentral;migrationStage=NotStarted}
{"logTime": "1111/061854", "correlationVector":"TT+svKV+2K79bcfK8gOcwv","action":"Normal GetUpdate request", "result":"", "context":cV=TT+svKV+2K79bcfK8gOcwv
Nudged types: Sessions, History
Refresh requested types: Bookmarks, Preferences, Passwords, Autofill Profiles, Autofill, Extensions, Sessions, Extension settings, History Delete Directives, Device Info, User Consents, Send Tab To Self, Web Apps, History, Saved Tab Group, WebAuthn Credentials, Collection, Edge E Drop, Edge Hub App Usage, Edge Wallet, Encryption Keys}
{"logTime": "1111/061854", "correlationVector":"TT+svKV+2K79bcfK8gOcwv.1","action":"SyncServerConnectionManagerRequest", "result":"SYNC_SERVER_OK", "context":{"environment":"Prod_francecentral_prod-s01-062-eur-francecentral", "migrationStage":"NotStarted", "server":"akswtt10700000h"}}
{"logTime": "1111/061854", "correlationVector":"TT+svKV+2K79bcfK8gOcwv.2","action":"ProcessGetUpdates", "result":"Done", "context":{"dataType":"Preferences", "deleted":"0", "process_failed_to_decrypt":"0", "process_pending_decryption":"0", "process_success":"1", "total":"1"}}
{"logTime": "1111/061854", "correlationVector":"TT+svKV+2K79bcfK8gOcwv.3","action":"ProcessGetUpdates", "result":"Done", "context":{"dataType":"Sessions", "deleted":"0", "process_failed_to_decrypt":"0", "process_pending_decryption":"0", "process_success":"7", "total":"7"}}
{"logTime": "1111/061854", "correlationVector":"TT+svKV+2K79bcfK8gOcwv.4","action":"ProcessGetUpdates", "result":"Done", "context":{"dataType":"Device Info", "deleted":"0", "process_failed_to_decrypt":"0", "process_pending_decryption":"0", "process_success":"1", "total":"1"}}
{"logTime": "1111/061854", "correlationVector":"TT+svKV+2K79bcfK8gOcwv.5","action":"ProcessGetUpdates", "result":"Done", "context":{"dataType":"History", "deleted":"0", "process_failed_to_decrypt":"0", "process_pending_decryption":"0", "process_success":"29", "total":"29"}}
{"logTime": "1111/061854", "correlationVector":"TT+svKV+2K79bcfK8gOcwv.6","action":"GetUpdates Response", "result":"Success", "context":Received 38 update(s). cV=TT+svKV+2K79bcfK8gOcwv.0;server=akswtt10700000h;cloudType=Multitenant;environment=Prod_francecentral_prod-s01-062-eur-francecentral;migrationStage=NotStarted}
{"logTime": "1111/061854", "correlationVector":"u4G2ccMIwPY7tRXlQ0yaLr","action":"Commit Request", "result":"", "context":Item count: 3
Contributing types: Sessions, History}
{"logTime": "1111/061855", "correlationVector":"u4G2ccMIwPY7tRXlQ0yaLr.1","action":"SyncServerConnectionManagerRequest", "result":"SYNC_SERVER_OK", "context":{"environment":"Prod_francecentral_prod-s01-062-eur-francecentral", "migrationStage":"NotStarted", "server":"akswtt107000003"}}
{"logTime": "1111/061855", "correlationVector":"u4G2ccMIwPY7tRXlQ0yaLr.2","action":"Commit Response", "result":"Success", "context":Result: Success. cV=u4G2ccMIwPY7tRXlQ0yaLr.0;server=akswtt107000003;cloudType=Multitenant;environment=Prod_francecentral_prod-s01-062-eur-francecentral;migrationStage=NotStarted}
{"logTime": "1111/061855", "correlationVector":"lGlr+Qu2fDOL5oKYybbWDy","action":"Poll GetUpdate request", "result":"", "context":cV=lGlr+Qu2fDOL5oKYybbWDy}
{"logTime": "1111/061855", "correlationVector":"lGlr+Qu2fDOL5oKYybbWDy.1","action":"SyncServerConnectionManagerRequest", "result":"SYNC_SERVER_OK", "context":{"environment":"Prod_francecentral_prod-s01-062-eur-francecentral", "migrationStage":"NotStarted", "server":"akswtt10700000n"}}
{"logTime": "1111/061855", "correlationVector":"lGlr+Qu2fDOL5oKYybbWDy.2","action":"ProcessGetUpdates", "result":"Done", "context":{"dataType":"Sessions", "deleted":"0", "process_failed_to_decrypt":"0", "process_pending_decryption":"0", "process_success":"2", "total":"2"}}
{"logTime": "1111/061855", "correlationVector":"lGlr+Qu2fDOL5oKYybbWDy.3","action":"ProcessGetUpdates", "result":"Done", "context":{"dataType":"History", "deleted":"0", "process_failed_to_decrypt":"0", "process_pending_decryption":"0", "process_success":"1", "total":"1"}}
{"logTime": "1111/061855", "correlationVector":"lGlr+Qu2fDOL5oKYybbWDy.4","action":"GetUpdates Response", "result":"Success", "context":Received 3 update(s). cV=lGlr+Qu2fDOL5oKYybbWDy.0;server=akswtt10700000n;cloudType=Multitenant;environment=Prod_francecentral_prod-s01-062-eur-francecentral;migrationStage=NotStarted}
{"logTime": "1111/061955", "correlationVector":"VTowG5OfLvD++zYLjn5zFs","action":"Commit Request", "result":"", "context":Item count: 2
Contributing types: Sessions, History}
{"logTime": "1111/061955", "correlationVector":"VTowG5OfLvD++zYLjn5zFs.1","action":"SyncServerConnectionManagerRequest", "result":"SYNC_SERVER_OK", "context":{"environment":"Prod_francecentral_prod-s01-062-eur-francecentral", "migrationStage":"NotStarted", "server":"akswtt107000010"}}
{"logTime": "1111/061955", "correlationVector":"VTowG5OfLvD++zYLjn5zFs.2","action":"Commit Response", "result":"Success", "context":Result: Success. cV=VTowG5OfLvD++zYLjn5zFs.0;server=akswtt107000010;cloudType=Multitenant;environment=Prod_francecentral_prod-s01-062-eur-francecentral;migrationStage=NotStarted}
{"logTime": "1111/062056", "correlationVector":"9nh8sUp2gHKeuKQ1+9nApY","action":"Commit Request", "result":"", "context":Item count: 1
Contributing types: Sessions}
{"logTime": "1111/062057", "correlationVector":"9nh8sUp2gHKeuKQ1+9nApY.1","action":"SyncServerConnectionManagerRequest", "result":"SYNC_SERVER_OK", "context":{"environment":"Prod_francecentral_prod-s01-062-eur-francecentral", "migrationStage":"NotStarted", "server":"akswtt107000013"}}
{"logTime": "1111/062057", "correlationVector":"9nh8sUp2gHKeuKQ1+9nApY.2","action":"Commit Response", "result":"Success", "context":Result: Success. cV=9nh8sUp2gHKeuKQ1+9nApY.0;server=akswtt107000013;cloudType=Multitenant;environment=Prod_francecentral_prod-s01-062-eur-francecentral;migrationStage=NotStarted}
{"logTime": "1111/062115", "correlationVector":"LCyoPYHLY3fCI4bTBA0CPL","action":"Commit Request", "result":"", "context":Item count: 4
Contributing types: Preferences, Sessions, History}
{"logTime": "1111/062116", "correlationVector":"LCyoPYHLY3fCI4bTBA0CPL.1","action":"SyncServerConnectionManagerRequest", "result":"SYNC_SERVER_OK", "context":{"environment":"Prod_francecentral_prod-s01-062-eur-francecentral", "migrationStage":"NotStarted", "server":"akswtt107000019"}}
{"logTime": "1111/062116", "correlationVector":"LCyoPYHLY3fCI4bTBA0CPL.2","action":"Commit Response", "result":"Success", "context":Result: Success. cV=LCyoPYHLY3fCI4bTBA0CPL.0;server=akswtt107000019;cloudType=Multitenant;environment=Prod_francecentral_prod-s01-062-eur-francecentral;migrationStage=NotStarted}
