2025-11-10 20:04:02.927: [INFO][Sync] Reset engine, reason: 8
2025-11-10 20:04:02.927: [INFO][Sync] Stopped: Bookmarks
2025-11-10 20:04:02.927: [INFO][Sync] Stopped: Preferences
2025-11-10 20:04:02.927: [INFO][Sync] Stopped: Passwords
2025-11-10 20:04:02.927: [INFO][Sync] Stopped: Autofill Profiles
2025-11-10 20:04:02.927: [INFO][Sync] Stopped: Autofill
2025-11-10 20:04:02.927: [INFO][Sync] Stopped: Extensions
2025-11-10 20:04:02.928: [INFO][Sync] Stopped: Sessions
2025-11-10 20:04:02.928: [INFO][Sync] Stopped: Extension settings
2025-11-10 20:04:02.928: [INFO][Sync] Stopped: History Delete Directives
2025-11-10 20:04:02.928: [INFO][Sync] Stopped: Device Info
2025-11-10 20:04:02.928: [INFO][Sync] Stopped: User Consents
2025-11-10 20:04:02.928: [INFO][Sync] Stopped: Send Tab To Self
2025-11-10 20:04:02.928: [INFO][Sync] Stopped: Web Apps
2025-11-10 20:04:02.928: [INFO][Sync] Stopped: History
2025-11-10 20:04:02.928: [INFO][Sync] Stopped: Saved Tab Group
2025-11-10 20:04:02.928: [INFO][Sync] Stopped: WebAuthn Credentials
2025-11-10 20:04:02.928: [INFO][Sync] Stopped: Collection
2025-11-10 20:04:02.928: [INFO][Sync] Stopped: Edge E Drop
2025-11-10 20:04:02.928: [INFO][Sync] Stopped: Edge Hub App Usage
2025-11-10 20:04:02.928: [INFO][Sync] Stopped: Edge Wallet
2025-11-10 20:04:02.928: [INFO][Sync] SyncState after authenticated was: NotSignedIn
2025-11-10 20:04:03.109: [INFO][Sync] Reset engine, reason: 8
2025-11-10 20:04:03.109: [INFO][Sync] Stopped: Bookmarks
2025-11-10 20:04:03.109: [INFO][Sync] Stopped: Preferences
2025-11-10 20:04:03.109: [INFO][Sync] Stopped: Passwords
2025-11-10 20:04:03.109: [INFO][Sync] Stopped: Autofill Profiles
2025-11-10 20:04:03.109: [INFO][Sync] Stopped: Autofill
2025-11-10 20:04:03.109: [INFO][Sync] Stopped: Extensions
2025-11-10 20:04:03.109: [INFO][Sync] Stopped: Sessions
2025-11-10 20:04:03.109: [INFO][Sync] Stopped: Extension settings
2025-11-10 20:04:03.109: [INFO][Sync] Stopped: History Delete Directives
2025-11-10 20:04:03.109: [INFO][Sync] Stopped: Device Info
2025-11-10 20:04:03.109: [INFO][Sync] Stopped: User Consents
2025-11-10 20:04:03.109: [INFO][Sync] Stopped: Send Tab To Self
2025-11-10 20:04:03.109: [INFO][Sync] Stopped: Web Apps
2025-11-10 20:04:03.109: [INFO][Sync] Stopped: History
2025-11-10 20:04:03.109: [INFO][Sync] Stopped: Saved Tab Group
2025-11-10 20:04:03.109: [INFO][Sync] Stopped: WebAuthn Credentials
2025-11-10 20:04:03.109: [INFO][Sync] Stopped: Collection
2025-11-10 20:04:03.109: [INFO][Sync] Stopped: Edge E Drop
2025-11-10 20:04:03.109: [INFO][Sync] Stopped: Edge Hub App Usage
2025-11-10 20:04:03.109: [INFO][Sync] Stopped: Edge Wallet
2025-11-10 20:04:04.017: [INFO][Sync] Try to start sync engine
2025-11-10 20:04:04.018: [INFO][SyncManagerImpl::NudgeForInitialDownload] Initial download nudge for Encryption Keys
2025-11-10 20:04:04.018: [INFO][SyncEngineBackend::LoadAndConnectNigoriController] Load and connect Nigori controller
2025-11-10 20:04:04.018: [INFO][SyncEngineBackend::DoInitialize] Control Types added: Encryption Keys
2025-11-10 20:04:04.018: [INFO][SyncManagerImpl::ConfigureSyncer] Types to download: Encryption Keys with reason: 3
2025-11-10 20:04:04.020: [INFO][SyncSchedulerImpl::DoConfigurationSyncCycleJob] Configure job was blocked
2025-11-10 20:04:04.154: [INFO][SyncAuthManager::SetLastAuthError] Current auth error: None
2025-11-10 20:04:04.154: [INFO][SyncAuthManager::EdgeLogTokenErrorState] Token error with: None for account type: AAD
2025-11-10 20:04:04.154: [INFO][Sync] Credentials changed for: EdgeSyncKeyDataScope
2025-11-10 20:04:04.154: [INFO][SyncEngineBackend::DoUpdateKeyDataCredentials] Update key data credentials
2025-11-10 20:04:04.183: [INFO][SyncAuthManager::SetLastAuthError] Current auth error: None
2025-11-10 20:04:04.183: [INFO][SyncAuthManager::EdgeLogTokenErrorState] Token error with: None for account type: AAD
2025-11-10 20:04:04.183: [INFO][Sync] Credentials changed for: EdgeSyncScopeNew
2025-11-10 20:04:04.183: [INFO][SyncEngineBackend::DoUpdateCredentials] Update credentials
2025-11-10 20:04:04.183: [INFO][SyncSchedulerImpl::DoConfigurationSyncCycleJob] Blocked types:  and types to download: Encryption Keys
2025-11-10 20:04:07.045: [INFO][SyncEngineBackend::DoUpdateKeyDataCredentials] Update key data credentials
2025-11-10 20:04:07.047: [INFO][Sync] Started DataTypeManager configuration, reason: 4
2025-11-10 20:04:07.047: [INFO][Sync] Configuring for: Bookmarks, Preferences, Passwords, Autofill Profiles, Autofill, Extensions, Sessions, Extension settings, History Delete Directives, Device Info, User Consents, Send Tab To Self, Web Apps, History, Saved Tab Group, WebAuthn Credentials, Collection, Edge E Drop, Edge Hub App Usage, Edge Wallet, Encryption Keys, reason: 3, current state: 0
2025-11-10 20:04:07.047: [INFO][SyncEngineBackend::DoStartConfiguration] Start configuration
2025-11-10 20:04:07.047: [INFO][Sync] Configure, desired: Bookmarks, Preferences, Passwords, Autofill Profiles, Autofill, Extensions, Sessions, Extension settings, History Delete Directives, Device Info, User Consents, Send Tab To Self, Web Apps, History, Saved Tab Group, WebAuthn Credentials, Collection, Edge E Drop, Edge Hub App Usage, Edge Wallet, Encryption Keys; Allow fail: 
2025-11-10 20:04:07.047: [INFO][Sync] Loading: Bookmarks
2025-11-10 20:04:07.047: [INFO][Sync] Loading: Preferences
2025-11-10 20:04:07.047: [INFO][Sync] Loading: Passwords
2025-11-10 20:04:07.047: [INFO][Sync] Loading: Autofill Profiles
2025-11-10 20:04:07.047: [INFO][Sync] Loading: Autofill
2025-11-10 20:04:07.047: [INFO][Sync] Loading: Extensions
2025-11-10 20:04:07.047: [INFO][Sync] Loading: Sessions
2025-11-10 20:04:07.047: [INFO][Sync] Loading: Extension settings
2025-11-10 20:04:07.047: [INFO][Sync] Loading: History Delete Directives
2025-11-10 20:04:07.048: [INFO][Sync] Loading: Device Info
2025-11-10 20:04:07.048: [INFO][Sync] Loading: User Consents
2025-11-10 20:04:07.048: [INFO][Sync] Loading: Send Tab To Self
2025-11-10 20:04:07.048: [INFO][Sync] Loading: Web Apps
2025-11-10 20:04:07.048: [INFO][Sync] Loading: History
2025-11-10 20:04:07.048: [INFO][Sync] Loading: Saved Tab Group
2025-11-10 20:04:07.048: [INFO][Sync] Loading: WebAuthn Credentials
2025-11-10 20:04:07.048: [INFO][Sync] Loading: Collection
2025-11-10 20:04:07.048: [INFO][Sync] Loading: Edge E Drop
2025-11-10 20:04:07.048: [INFO][Sync] Loading: Edge Hub App Usage
2025-11-10 20:04:07.048: [INFO][Sync] Loading: Edge Wallet
2025-11-10 20:04:07.049: [INFO][Sync] All data types are ready for configure.
2025-11-10 20:04:07.049: [INFO][SyncManagerImpl::NudgeForInitialDownload] Initial download nudge for Bookmarks
2025-11-10 20:04:07.049: [INFO][SyncManagerImpl::NudgeForInitialDownload] Initial download nudge for Preferences
2025-11-10 20:04:07.049: [INFO][SyncManagerImpl::NudgeForInitialDownload] Initial download nudge for Passwords
2025-11-10 20:04:07.049: [INFO][SyncManagerImpl::NudgeForInitialDownload] Initial download nudge for Autofill Profiles
2025-11-10 20:04:07.049: [INFO][SyncManagerImpl::NudgeForInitialDownload] Initial download nudge for Autofill
2025-11-10 20:04:07.049: [INFO][SyncManagerImpl::NudgeForInitialDownload] Initial download nudge for Extensions
2025-11-10 20:04:07.049: [INFO][SyncManagerImpl::NudgeForInitialDownload] Initial download nudge for Sessions
2025-11-10 20:04:07.049: [INFO][SyncManagerImpl::NudgeForInitialDownload] Initial download nudge for Extension settings
2025-11-10 20:04:07.049: [INFO][SyncManagerImpl::NudgeForInitialDownload] Initial download nudge for History Delete Directives
2025-11-10 20:04:07.049: [INFO][SyncManagerImpl::NudgeForInitialDownload] Initial download nudge for Device Info
2025-11-10 20:04:07.049: [INFO][SyncManagerImpl::NudgeForInitialDownload] Initial download nudge for Send Tab To Self
2025-11-10 20:04:07.049: [INFO][SyncManagerImpl::NudgeForInitialDownload] Initial download nudge for Web Apps
2025-11-10 20:04:07.049: [INFO][SyncManagerImpl::NudgeForInitialDownload] Initial download nudge for History
2025-11-10 20:04:07.049: [INFO][SyncManagerImpl::NudgeForInitialDownload] Initial download nudge for Saved Tab Group
2025-11-10 20:04:07.049: [INFO][SyncManagerImpl::NudgeForInitialDownload] Initial download nudge for WebAuthn Credentials
2025-11-10 20:04:07.049: [INFO][SyncManagerImpl::NudgeForInitialDownload] Initial download nudge for Collection
2025-11-10 20:04:07.049: [INFO][SyncManagerImpl::NudgeForInitialDownload] Initial download nudge for Edge E Drop
2025-11-10 20:04:07.049: [INFO][SyncManagerImpl::NudgeForInitialDownload] Initial download nudge for Edge Hub App Usage
2025-11-10 20:04:07.049: [INFO][SyncManagerImpl::NudgeForInitialDownload] Initial download nudge for Edge Wallet
2025-11-10 20:04:07.049: [INFO][SyncManagerImpl::ConfigureSyncer] Types to download:  with reason: 3
2025-11-10 20:04:07.049: [INFO][SyncEngineBackend::DoFinishConfigureDataTypes] Failed to download types:  and succeeded types: 
2025-11-10 20:04:07.049: [INFO][Sync] ConfigurationDone, failed: , succeeded: , remaining count: 4
2025-11-10 20:04:07.049: [INFO][Sync] Prepare to configure types: Preferences, Passwords, Device Info, Send Tab To Self, Edge E Drop, Encryption Keys
2025-11-10 20:04:07.049: [INFO][SyncManagerImpl::ConfigureSyncer] Types to download: Preferences, Passwords, Device Info, Send Tab To Self, Edge E Drop, Encryption Keys with reason: 3
2025-11-10 20:04:07.049: [INFO][SyncSchedulerImpl::DoConfigurationSyncCycleJob] Blocked types:  and types to download: Preferences, Passwords, Device Info, Send Tab To Self, Edge E Drop, Encryption Keys
2025-11-10 20:04:07.455: [INFO][SyncEngineBackend::DoFinishConfigureDataTypes] Failed to download types:  and succeeded types: Preferences, Passwords, Device Info, Send Tab To Self, Edge E Drop, Encryption Keys
2025-11-10 20:04:07.457: [INFO][Sync] ConfigurationDone, failed: , succeeded: Preferences, Passwords, Device Info, Send Tab To Self, Edge E Drop, Encryption Keys, remaining count: 3
2025-11-10 20:04:07.458: [INFO][Sync] Prepare to configure types: Bookmarks, Encryption Keys
2025-11-10 20:04:07.458: [INFO][SyncManagerImpl::ConfigureSyncer] Types to download: Bookmarks, Encryption Keys with reason: 3
2025-11-10 20:04:07.458: [INFO][SyncSchedulerImpl::DoConfigurationSyncCycleJob] Blocked types:  and types to download: Bookmarks, Encryption Keys
2025-11-10 20:04:07.607: [INFO][SyncEngineBackend::DoFinishConfigureDataTypes] Failed to download types:  and succeeded types: Bookmarks, Encryption Keys
2025-11-10 20:04:07.609: [INFO][Sync] ConfigurationDone, failed: , succeeded: Bookmarks, Encryption Keys, remaining count: 2
2025-11-10 20:04:07.609: [INFO][Sync] Prepare to configure types: Autofill Profiles, Autofill, Extensions, Sessions, Extension settings, History Delete Directives, Web Apps, Saved Tab Group, WebAuthn Credentials, Collection, Edge Hub App Usage, Edge Wallet, Encryption Keys
2025-11-10 20:04:07.609: [INFO][SyncManagerImpl::ConfigureSyncer] Types to download: Autofill Profiles, Autofill, Extensions, Sessions, Extension settings, History Delete Directives, Web Apps, Saved Tab Group, WebAuthn Credentials, Collection, Edge Hub App Usage, Edge Wallet, Encryption Keys with reason: 3
2025-11-10 20:04:07.609: [INFO][SyncSchedulerImpl::DoConfigurationSyncCycleJob] Blocked types:  and types to download: Autofill Profiles, Autofill, Extensions, Sessions, Extension settings, History Delete Directives, Web Apps, Saved Tab Group, WebAuthn Credentials, Collection, Edge Hub App Usage, Edge Wallet, Encryption Keys
2025-11-10 20:04:11.681: [INFO][SyncEngineBackend::DoFinishConfigureDataTypes] Failed to download types:  and succeeded types: Autofill Profiles, Autofill, Extensions, Sessions, Extension settings, History Delete Directives, Web Apps, Saved Tab Group, WebAuthn Credentials, Collection, Edge Hub App Usage, Edge Wallet, Encryption Keys
2025-11-10 20:04:11.683: [INFO][Sync] ConfigurationDone, failed: , succeeded: Autofill Profiles, Autofill, Extensions, Sessions, Extension settings, History Delete Directives, Web Apps, Saved Tab Group, WebAuthn Credentials, Collection, Edge Hub App Usage, Edge Wallet, Encryption Keys, remaining count: 1
2025-11-10 20:04:11.685: [INFO][Sync] Prepare to configure types: History, Encryption Keys
2025-11-10 20:04:11.685: [INFO][SyncManagerImpl::ConfigureSyncer] Types to download: History, Encryption Keys with reason: 3
2025-11-10 20:04:11.685: [INFO][SyncSchedulerImpl::DoConfigurationSyncCycleJob] Blocked types:  and types to download: History, Encryption Keys
2025-11-10 20:04:50.720: [INFO][SyncEngineBackend::DoFinishConfigureDataTypes] Failed to download types:  and succeeded types: History, Encryption Keys
2025-11-10 20:04:50.723: [INFO][Sync] ConfigurationDone, failed: , succeeded: History, Encryption Keys, remaining count: 0
2025-11-10 20:04:50.724: [INFO][Sync]     Configuration completed, state: 3
2025-11-10 20:04:50.724: [INFO][Sync] Configured DataTypeManager: Ok
2025-11-10 20:04:50.727: [INFO][SyncEngineBackend::DoStartSyncing] Start syncing
2025-11-10 20:33:48.082: [INFO][Sync] Reset engine, reason: 0
2025-11-10 20:33:48.082: [INFO][Sync] Reset engine with reason: 0
2025-11-10 20:33:48.082: [INFO][SyncSchedulerImpl::OnSyncNetworkError] Syncer error: Network error (ERR_ABORTED)
2025-11-10 20:33:48.082: [INFO][Commit::ReportFullCommitFailure] Commit Sessions, History failed with error: NetworkError
2025-11-10 20:33:48.083: [INFO][SyncSchedulerImpl::DoNudgeSyncCycleJob] Syncer error: Network error (ERR_ABORTED)
2025-11-10 20:38:04.613: [INFO][Sync] SyncState after authenticated was: FeatureCanStart
2025-11-10 20:38:04.984: [INFO][SyncAuthManager::SetLastAuthError] Current auth error: None
2025-11-10 20:38:04.984: [INFO][SyncAuthManager::EdgeLogTokenErrorState] Token error with: None for account type: AAD
2025-11-10 20:38:04.984: [INFO][Sync] Credentials changed for: EdgeSyncKeyDataScope
2025-11-10 20:38:04.984: [INFO][Sync] Try to start sync engine
2025-11-10 20:38:04.985: [INFO][SyncManagerImpl::NudgeForInitialDownload] Initial download nudge for Encryption Keys
2025-11-10 20:38:04.985: [INFO][SyncEngineBackend::LoadAndConnectNigoriController] Load and connect Nigori controller
2025-11-10 20:38:04.985: [INFO][SyncEngineBackend::DoInitialize] Control Types added: Encryption Keys
2025-11-10 20:38:04.985: [INFO][SyncManagerImpl::ConfigureSyncer] Types to download: Encryption Keys with reason: 3
2025-11-10 20:38:04.985: [INFO][SyncEngineBackend::DoUpdateKeyDataCredentials] Update key data credentials
2025-11-10 20:38:04.985: [INFO][SyncSchedulerImpl::DoConfigurationSyncCycleJob] Configure job was blocked
2025-11-10 20:38:05.040: [INFO][SyncAuthManager::SetLastAuthError] Current auth error: None
2025-11-10 20:38:05.040: [INFO][SyncAuthManager::EdgeLogTokenErrorState] Token error with: None for account type: AAD
2025-11-10 20:38:05.040: [INFO][Sync] Credentials changed for: EdgeSyncScopeNew
2025-11-10 20:38:05.040: [INFO][SyncEngineBackend::DoUpdateCredentials] Update credentials
2025-11-10 20:38:05.040: [INFO][SyncSchedulerImpl::DoConfigurationSyncCycleJob] Blocked types:  and types to download: Encryption Keys
2025-11-10 20:38:08.046: [INFO][SyncEngineBackend::DoUpdateKeyDataCredentials] Update key data credentials
2025-11-10 20:38:08.055: [INFO][Sync] Started DataTypeManager configuration, reason: 4
2025-11-10 20:38:08.055: [INFO][Sync] Configuring for: Bookmarks, Preferences, Passwords, Autofill Profiles, Autofill, Extensions, Sessions, Extension settings, History Delete Directives, Device Info, User Consents, Send Tab To Self, Web Apps, History, Saved Tab Group, WebAuthn Credentials, Collection, Edge E Drop, Edge Hub App Usage, Edge Wallet, Encryption Keys, reason: 4, current state: 0
2025-11-10 20:38:08.055: [INFO][SyncEngineBackend::DoStartConfiguration] Start configuration
2025-11-10 20:38:08.057: [INFO][Sync] Configure, desired: Bookmarks, Preferences, Passwords, Autofill Profiles, Autofill, Extensions, Sessions, Extension settings, History Delete Directives, Device Info, User Consents, Send Tab To Self, Web Apps, History, Saved Tab Group, WebAuthn Credentials, Collection, Edge E Drop, Edge Hub App Usage, Edge Wallet, Encryption Keys; Allow fail: 
2025-11-10 20:38:08.057: [INFO][Sync] Loading: Bookmarks
2025-11-10 20:38:08.057: [INFO][Sync] Loading: Preferences
2025-11-10 20:38:08.057: [INFO][Sync] Loading: Passwords
2025-11-10 20:38:08.057: [INFO][Sync] Loading: Autofill Profiles
2025-11-10 20:38:08.057: [INFO][Sync] Loading: Autofill
2025-11-10 20:38:08.057: [INFO][Sync] Loading: Extensions
2025-11-10 20:38:08.057: [INFO][Sync] Loading: Sessions
2025-11-10 20:38:08.057: [INFO][Sync] Loading: Extension settings
2025-11-10 20:38:08.058: [INFO][Sync] Loading: History Delete Directives
2025-11-10 20:38:08.058: [INFO][Sync] Loading: Device Info
2025-11-10 20:38:08.058: [INFO][Sync] Loading: User Consents
2025-11-10 20:38:08.058: [INFO][Sync] Loading: Send Tab To Self
2025-11-10 20:38:08.058: [INFO][Sync] Loading: Web Apps
2025-11-10 20:38:08.058: [INFO][Sync] Loading: History
2025-11-10 20:38:08.058: [INFO][Sync] Loading: Saved Tab Group
2025-11-10 20:38:08.058: [INFO][Sync] Loading: WebAuthn Credentials
2025-11-10 20:38:08.058: [INFO][Sync] Loading: Collection
2025-11-10 20:38:08.058: [INFO][Sync] Loading: Edge E Drop
2025-11-10 20:38:08.058: [INFO][Sync] Loading: Edge Hub App Usage
2025-11-10 20:38:08.058: [INFO][Sync] Loading: Edge Wallet
2025-11-10 20:38:08.065: [INFO][Sync] All data types are ready for configure.
2025-11-10 20:38:08.065: [INFO][SyncManagerImpl::NudgeForInitialDownload] Initial download nudge for Passwords
2025-11-10 20:38:08.066: [INFO][SyncManagerImpl::ConfigureSyncer] Types to download:  with reason: 4
2025-11-10 20:38:08.066: [INFO][SyncEngineBackend::DoFinishConfigureDataTypes] Failed to download types:  and succeeded types: 
2025-11-10 20:38:08.067: [INFO][Sync] ConfigurationDone, failed: , succeeded: , remaining count: 4
2025-11-10 20:38:08.067: [INFO][Sync] Prepare to configure types: Passwords, Encryption Keys
2025-11-10 20:38:08.067: [INFO][SyncManagerImpl::ConfigureSyncer] Types to download: Passwords, Encryption Keys with reason: 4
2025-11-10 20:38:08.067: [INFO][SyncSchedulerImpl::DoConfigurationSyncCycleJob] Blocked types:  and types to download: Passwords, Encryption Keys
2025-11-10 20:38:08.826: [INFO][SyncEngineBackend::DoFinishConfigureDataTypes] Failed to download types:  and succeeded types: Passwords, Encryption Keys
2025-11-10 20:38:08.829: [INFO][Sync] ConfigurationDone, failed: , succeeded: Passwords, Encryption Keys, remaining count: 3
2025-11-10 20:38:08.829: [INFO][SyncManagerImpl::ConfigureSyncer] Types to download:  with reason: 4
2025-11-10 20:38:08.829: [INFO][SyncEngineBackend::DoFinishConfigureDataTypes] Failed to download types:  and succeeded types: 
2025-11-10 20:38:08.829: [INFO][Sync] ConfigurationDone, failed: , succeeded: , remaining count: 2
2025-11-10 20:38:08.829: [INFO][SyncManagerImpl::ConfigureSyncer] Types to download:  with reason: 4
2025-11-10 20:38:08.829: [INFO][SyncEngineBackend::DoFinishConfigureDataTypes] Failed to download types:  and succeeded types: 
2025-11-10 20:38:08.829: [INFO][Sync] ConfigurationDone, failed: , succeeded: , remaining count: 1
2025-11-10 20:38:08.834: [INFO][SyncManagerImpl::ConfigureSyncer] Types to download:  with reason: 4
2025-11-10 20:38:08.834: [INFO][SyncEngineBackend::DoFinishConfigureDataTypes] Failed to download types:  and succeeded types: 
2025-11-10 20:38:08.834: [INFO][Sync] ConfigurationDone, failed: , succeeded: , remaining count: 0
2025-11-10 20:38:08.836: [INFO][Sync]     Configuration completed, state: 3
2025-11-10 20:38:08.836: [INFO][Sync] Configured DataTypeManager: Ok
2025-11-10 20:38:08.839: [INFO][SyncEngineBackend::DoStartSyncing] Start syncing
2025-11-10 21:00:47.969: [INFO][SyncSchedulerImpl::OnSyncNetworkError] Syncer error: HTTP error (401)
2025-11-10 21:00:47.969: [INFO][Sync] Connection status changed to: 2
2025-11-10 21:00:47.970: [INFO][SyncSchedulerImpl::DoNudgeSyncCycleJob] Syncer error: HTTP error (401)
2025-11-10 21:00:47.992: [WARN][Sync] NetworkError: HTTP error (401)
2025-11-10 21:00:48.107: [INFO][SyncAuthManager::SetLastAuthError] Current auth error: None
2025-11-10 21:00:48.107: [INFO][SyncAuthManager::EdgeLogTokenErrorState] Token error with: None for account type: AAD
2025-11-10 21:00:48.107: [INFO][Sync] Credentials changed for: EdgeSyncScopeNew
2025-11-10 21:00:48.132: [INFO][SyncAuthManager::SetLastAuthError] Current auth error: None
2025-11-10 21:00:48.132: [INFO][SyncAuthManager::EdgeLogTokenErrorState] Token error with: None for account type: AAD
2025-11-10 21:00:48.132: [INFO][Sync] Credentials changed for: EdgeSyncKeyDataScope
2025-11-10 21:00:48.132: [INFO][SyncEngineBackend::DoUpdateKeyDataCredentials] Update key data credentials
2025-11-10 21:00:48.132: [INFO][SyncEngineBackend::DoUpdateCredentials] Update credentials
2025-11-11 06:18:50.783: [INFO][Sync] SyncState after authenticated was: FeatureCanStart
2025-11-11 06:18:51.121: [INFO][SyncAuthManager::SetLastAuthError] Current auth error: None
2025-11-11 06:18:51.121: [INFO][SyncAuthManager::EdgeLogTokenErrorState] Token error with: None for account type: AAD
2025-11-11 06:18:51.121: [INFO][Sync] Credentials changed for: EdgeSyncKeyDataScope
2025-11-11 06:18:51.121: [INFO][Sync] Try to start sync engine
2025-11-11 06:18:51.122: [INFO][SyncManagerImpl::NudgeForInitialDownload] Initial download nudge for Encryption Keys
2025-11-11 06:18:51.122: [INFO][SyncEngineBackend::LoadAndConnectNigoriController] Load and connect Nigori controller
2025-11-11 06:18:51.122: [INFO][SyncEngineBackend::DoInitialize] Control Types added: Encryption Keys
2025-11-11 06:18:51.122: [INFO][SyncManagerImpl::ConfigureSyncer] Types to download: Encryption Keys with reason: 3
2025-11-11 06:18:51.122: [INFO][SyncEngineBackend::DoUpdateKeyDataCredentials] Update key data credentials
2025-11-11 06:18:51.122: [INFO][SyncSchedulerImpl::DoConfigurationSyncCycleJob] Configure job was blocked
2025-11-11 06:18:51.207: [INFO][SyncAuthManager::SetLastAuthError] Current auth error: None
2025-11-11 06:18:51.207: [INFO][SyncAuthManager::EdgeLogTokenErrorState] Token error with: None for account type: AAD
2025-11-11 06:18:51.207: [INFO][Sync] Credentials changed for: EdgeSyncScopeNew
2025-11-11 06:18:51.207: [INFO][SyncEngineBackend::DoUpdateCredentials] Update credentials
2025-11-11 06:18:51.207: [INFO][SyncSchedulerImpl::DoConfigurationSyncCycleJob] Blocked types:  and types to download: Encryption Keys
2025-11-11 06:18:53.840: [INFO][SyncEngineBackend::DoUpdateKeyDataCredentials] Update key data credentials
2025-11-11 06:18:53.847: [INFO][Sync] Started DataTypeManager configuration, reason: 4
2025-11-11 06:18:53.847: [INFO][Sync] Configuring for: Bookmarks, Preferences, Passwords, Autofill Profiles, Autofill, Extensions, Sessions, Extension settings, History Delete Directives, Device Info, User Consents, Send Tab To Self, Web Apps, History, Saved Tab Group, WebAuthn Credentials, Collection, Edge E Drop, Edge Hub App Usage, Edge Wallet, Encryption Keys, reason: 4, current state: 0
2025-11-11 06:18:53.847: [INFO][SyncEngineBackend::DoStartConfiguration] Start configuration
2025-11-11 06:18:53.850: [INFO][Sync] Configure, desired: Bookmarks, Preferences, Passwords, Autofill Profiles, Autofill, Extensions, Sessions, Extension settings, History Delete Directives, Device Info, User Consents, Send Tab To Self, Web Apps, History, Saved Tab Group, WebAuthn Credentials, Collection, Edge E Drop, Edge Hub App Usage, Edge Wallet, Encryption Keys; Allow fail: 
2025-11-11 06:18:53.850: [INFO][Sync] Loading: Bookmarks
2025-11-11 06:18:53.850: [INFO][Sync] Loading: Preferences
2025-11-11 06:18:53.850: [INFO][Sync] Loading: Passwords
2025-11-11 06:18:53.850: [INFO][Sync] Loading: Autofill Profiles
2025-11-11 06:18:53.850: [INFO][Sync] Loading: Autofill
2025-11-11 06:18:53.850: [INFO][Sync] Loading: Extensions
2025-11-11 06:18:53.850: [INFO][Sync] Loading: Sessions
2025-11-11 06:18:53.850: [INFO][Sync] Loading: Extension settings
2025-11-11 06:18:53.850: [INFO][Sync] Loading: History Delete Directives
2025-11-11 06:18:53.850: [INFO][Sync] Loading: Device Info
2025-11-11 06:18:53.850: [INFO][Sync] Loading: User Consents
2025-11-11 06:18:53.850: [INFO][Sync] Loading: Send Tab To Self
2025-11-11 06:18:53.850: [INFO][Sync] Loading: Web Apps
2025-11-11 06:18:53.850: [INFO][Sync] Loading: History
2025-11-11 06:18:53.850: [INFO][Sync] Loading: Saved Tab Group
2025-11-11 06:18:53.850: [INFO][Sync] Loading: WebAuthn Credentials
2025-11-11 06:18:53.850: [INFO][Sync] Loading: Collection
2025-11-11 06:18:53.850: [INFO][Sync] Loading: Edge E Drop
2025-11-11 06:18:53.850: [INFO][Sync] Loading: Edge Hub App Usage
2025-11-11 06:18:53.850: [INFO][Sync] Loading: Edge Wallet
2025-11-11 06:18:53.859: [INFO][Sync] All data types are ready for configure.
2025-11-11 06:18:53.859: [INFO][SyncManagerImpl::NudgeForInitialDownload] Initial download nudge for Passwords
2025-11-11 06:18:53.860: [INFO][SyncManagerImpl::ConfigureSyncer] Types to download:  with reason: 4
2025-11-11 06:18:53.860: [INFO][SyncEngineBackend::DoFinishConfigureDataTypes] Failed to download types:  and succeeded types: 
2025-11-11 06:18:53.860: [INFO][Sync] ConfigurationDone, failed: , succeeded: , remaining count: 4
2025-11-11 06:18:53.860: [INFO][Sync] Prepare to configure types: Passwords, Encryption Keys
2025-11-11 06:18:53.860: [INFO][SyncManagerImpl::ConfigureSyncer] Types to download: Passwords, Encryption Keys with reason: 4
2025-11-11 06:18:53.860: [INFO][SyncSchedulerImpl::DoConfigurationSyncCycleJob] Blocked types:  and types to download: Passwords, Encryption Keys
2025-11-11 06:18:54.564: [INFO][SyncEngineBackend::DoFinishConfigureDataTypes] Failed to download types:  and succeeded types: Passwords, Encryption Keys
2025-11-11 06:18:54.566: [INFO][Sync] ConfigurationDone, failed: , succeeded: Passwords, Encryption Keys, remaining count: 3
2025-11-11 06:18:54.566: [INFO][SyncManagerImpl::ConfigureSyncer] Types to download:  with reason: 4
2025-11-11 06:18:54.566: [INFO][SyncEngineBackend::DoFinishConfigureDataTypes] Failed to download types:  and succeeded types: 
2025-11-11 06:18:54.566: [INFO][Sync] ConfigurationDone, failed: , succeeded: , remaining count: 2
2025-11-11 06:18:54.566: [INFO][SyncManagerImpl::ConfigureSyncer] Types to download:  with reason: 4
2025-11-11 06:18:54.566: [INFO][SyncEngineBackend::DoFinishConfigureDataTypes] Failed to download types:  and succeeded types: 
2025-11-11 06:18:54.566: [INFO][Sync] ConfigurationDone, failed: , succeeded: , remaining count: 1
2025-11-11 06:18:54.570: [INFO][SyncManagerImpl::ConfigureSyncer] Types to download:  with reason: 4
2025-11-11 06:18:54.570: [INFO][SyncEngineBackend::DoFinishConfigureDataTypes] Failed to download types:  and succeeded types: 
2025-11-11 06:18:54.573: [INFO][Sync] ConfigurationDone, failed: , succeeded: , remaining count: 0
2025-11-11 06:18:54.576: [INFO][Sync]     Configuration completed, state: 3
2025-11-11 06:18:54.576: [INFO][Sync] Configured DataTypeManager: Ok
2025-11-11 06:18:54.578: [INFO][SyncEngineBackend::DoStartSyncing] Start syncing
2025-11-11 06:21:16.848: [INFO][Sync] Reset engine, reason: 0
2025-11-11 06:21:16.848: [INFO][Sync] Reset engine with reason: 0
